The target system is: Generic -  - 
The host system is: Linux - 5.10.102.1-microsoft-standard-WSL2 - x86_64
Compiling the C compiler identification source file "CMakeCCompilerId.c" succeeded.
Compiler: /home/wlx/program/espressif/.espressif/tools/xtensa-esp32s2-elf/esp-2022r1-11.2.0/xtensa-esp32s2-elf/bin/xtensa-esp32s2-elf-gcc 
Build flags: -mlongcalls;
Id flags:  

The output was:
0


Compilation of the C compiler identification source "CMakeCCompilerId.c" produced "a.out"

The C compiler identification is GNU, found in "/home/wlx/learn/espidf/04.3.2_LVGL_INDEV/build/bootloader/CMakeFiles/3.24.0/CompilerIdC/a.out"

Compiling the CXX compiler identification source file "CMakeCXXCompilerId.cpp" succeeded.
Compiler: /home/wlx/program/espressif/.espressif/tools/xtensa-esp32s2-elf/esp-2022r1-11.2.0/xtensa-esp32s2-elf/bin/xtensa-esp32s2-elf-g++ 
Build flags: -mlongcalls;
Id flags:  

The output was:
0


Compilation of the CXX compiler identification source "CMakeCXXCompilerId.cpp" produced "a.out"

The CXX compiler identification is GNU, found in "/home/wlx/learn/espidf/04.3.2_LVGL_INDEV/build/bootloader/CMakeFiles/3.24.0/CompilerIdCXX/a.out"

Checking whether the ASM compiler is GNU using "--version" matched "(GNU assembler)|(GCC)|(Free Software Foundation)":
xtensa-esp32s2-elf-gcc (crosstool-NG esp-2022r1) 11.2.0
Copyright (C) 2021 Free Software Foundation, Inc.
This is free software; see the source for copying conditions.  There is NO
warranty; not even for MERCHANTABILITY or FITNESS FOR A PARTICULAR PURPOSE.

Detecting C compiler ABI info compiled with the following output:
Change Dir: /home/wlx/learn/espidf/04.3.2_LVGL_INDEV/build/bootloader/CMakeFiles/CMakeTmp

Run Build Command(s):/home/wlx/program/espressif/.espressif/tools/ninja/1.10.2/ninja cmTC_248e6 && [1/2] Building C object CMakeFiles/cmTC_248e6.dir/CMakeCCompilerABI.c.obj
Using built-in specs.
COLLECT_GCC=/home/wlx/program/espressif/.espressif/tools/xtensa-esp32s2-elf/esp-2022r1-11.2.0/xtensa-esp32s2-elf/bin/xtensa-esp32s2-elf-gcc
Target: xtensa-esp32s2-elf
Configured with: /builds/idf/crosstool-NG/.build/xtensa-esp32s2-elf/src/gcc/configure --build=x86_64-build_pc-linux-gnu --host=x86_64-build_pc-linux-gnu --target=xtensa-esp32s2-elf --prefix=/builds/idf/crosstool-NG/builds/xtensa-esp32s2-elf --exec_prefix=/builds/idf/crosstool-NG/builds/xtensa-esp32s2-elf --with-local-prefix=/builds/idf/crosstool-NG/builds/xtensa-esp32s2-elf/xtensa-esp32s2-elf --with-headers=/builds/idf/crosstool-NG/builds/xtensa-esp32s2-elf/xtensa-esp32s2-elf/include --with-newlib --enable-threads=no --disable-shared --with-pkgversion='crosstool-NG esp-2022r1' --disable-__cxa_atexit --enable-cxx-flags=-ffunction-sections --disable-libgomp --disable-libmudflap --disable-libmpx --disable-libssp --disable-libquadmath --disable-libquadmath-support --disable-libstdcxx-verbose --with-gmp=/builds/idf/crosstool-NG/.build/xtensa-esp32s2-elf/buildtools --with-mpfr=/builds/idf/crosstool-NG/.build/xtensa-esp32s2-elf/buildtools --with-mpc=/builds/idf/crosstool-NG/.build/xtensa-esp32s2-elf/buildtools --with-isl=/builds/idf/crosstool-NG/.build/xtensa-esp32s2-elf/buildtools --enable-lto --enable-target-optspace --without-long-double-128 --disable-nls --enable-multiarch --enable-languages=c,c++ --disable-libstdcxx-verbose --enable-threads=posix --enable-gcov-custom-rtio --enable-libstdcxx-time=yes
Thread model: posix
Supported LTO compression algorithms: zlib
gcc version 11.2.0 (crosstool-NG esp-2022r1) 
COLLECT_GCC_OPTIONS='-mlongcalls' '-v' '-o' 'CMakeFiles/cmTC_248e6.dir/CMakeCCompilerABI.c.obj' '-c' '-dumpdir' 'CMakeFiles/cmTC_248e6.dir/'
 /home/wlx/program/espressif/.espressif/tools/xtensa-esp32s2-elf/esp-2022r1-11.2.0/xtensa-esp32s2-elf/bin/../libexec/gcc/xtensa-esp32s2-elf/11.2.0/cc1 -quiet -v -iprefix /home/wlx/program/espressif/.espressif/tools/xtensa-esp32s2-elf/esp-2022r1-11.2.0/xtensa-esp32s2-elf/bin/../lib/gcc/xtensa-esp32s2-elf/11.2.0/ /home/wlx/program/espressif/.espressif/tools/cmake/3.24.0/share/cmake-3.24/Modules/CMakeCCompilerABI.c -quiet -dumpdir CMakeFiles/cmTC_248e6.dir/ -dumpbase CMakeCCompilerABI.c.c -dumpbase-ext .c -mlongcalls -version -o /tmp/cclYjqRe.s
GNU C17 (crosstool-NG esp-2022r1) version 11.2.0 (xtensa-esp32s2-elf)
	compiled by GNU C version 4.9.2, GMP version 6.2.1, MPFR version 4.1.0, MPC version 1.2.1, isl version isl-0.24-GMP

GGC heuristics: --param ggc-min-expand=100 --param ggc-min-heapsize=131072
ignoring duplicate directory "/home/wlx/program/espressif/.espressif/tools/xtensa-esp32s2-elf/esp-2022r1-11.2.0/xtensa-esp32s2-elf/bin/../lib/gcc/../../lib/gcc/xtensa-esp32s2-elf/11.2.0/include"
ignoring duplicate directory "/home/wlx/program/espressif/.espressif/tools/xtensa-esp32s2-elf/esp-2022r1-11.2.0/xtensa-esp32s2-elf/bin/../lib/gcc/../../lib/gcc/xtensa-esp32s2-elf/11.2.0/include-fixed"
ignoring duplicate directory "/home/wlx/program/espressif/.espressif/tools/xtensa-esp32s2-elf/esp-2022r1-11.2.0/xtensa-esp32s2-elf/bin/../lib/gcc/../../lib/gcc/xtensa-esp32s2-elf/11.2.0/../../../../xtensa-esp32s2-elf/sys-include"
ignoring duplicate directory "/home/wlx/program/espressif/.espressif/tools/xtensa-esp32s2-elf/esp-2022r1-11.2.0/xtensa-esp32s2-elf/bin/../lib/gcc/../../lib/gcc/xtensa-esp32s2-elf/11.2.0/../../../../xtensa-esp32s2-elf/include"
#include "..." search starts here:
#include <...> search starts here:
 /home/wlx/program/espressif/.espressif/tools/xtensa-esp32s2-elf/esp-2022r1-11.2.0/xtensa-esp32s2-elf/bin/../lib/gcc/xtensa-esp32s2-elf/11.2.0/include
 /home/wlx/program/espressif/.espressif/tools/xtensa-esp32s2-elf/esp-2022r1-11.2.0/xtensa-esp32s2-elf/bin/../lib/gcc/xtensa-esp32s2-elf/11.2.0/include-fixed
 /home/wlx/program/espressif/.espressif/tools/xtensa-esp32s2-elf/esp-2022r1-11.2.0/xtensa-esp32s2-elf/bin/../lib/gcc/xtensa-esp32s2-elf/11.2.0/../../../../xtensa-esp32s2-elf/sys-include
 /home/wlx/program/espressif/.espressif/tools/xtensa-esp32s2-elf/esp-2022r1-11.2.0/xtensa-esp32s2-elf/bin/../lib/gcc/xtensa-esp32s2-elf/11.2.0/../../../../xtensa-esp32s2-elf/include
End of search list.
GNU C17 (crosstool-NG esp-2022r1) version 11.2.0 (xtensa-esp32s2-elf)
	compiled by GNU C version 4.9.2, GMP version 6.2.1, MPFR version 4.1.0, MPC version 1.2.1, isl version isl-0.24-GMP

GGC heuristics: --param ggc-min-expand=100 --param ggc-min-heapsize=131072
Compiler executable checksum: 43b6adf9f81ea252b9534d0330bc0c0b
COLLECT_GCC_OPTIONS='-mlongcalls' '-v' '-o' 'CMakeFiles/cmTC_248e6.dir/CMakeCCompilerABI.c.obj' '-c' '-dumpdir' 'CMakeFiles/cmTC_248e6.dir/'
 /home/wlx/program/espressif/.espressif/tools/xtensa-esp32s2-elf/esp-2022r1-11.2.0/xtensa-esp32s2-elf/bin/../lib/gcc/xtensa-esp32s2-elf/11.2.0/../../../../xtensa-esp32s2-elf/bin/as --traditional-format --longcalls -o CMakeFiles/cmTC_248e6.dir/CMakeCCompilerABI.c.obj /tmp/cclYjqRe.s
COMPILER_PATH=/home/wlx/program/espressif/.espressif/tools/xtensa-esp32s2-elf/esp-2022r1-11.2.0/xtensa-esp32s2-elf/bin/../libexec/gcc/xtensa-esp32s2-elf/11.2.0/:/home/wlx/program/espressif/.espressif/tools/xtensa-esp32s2-elf/esp-2022r1-11.2.0/xtensa-esp32s2-elf/bin/../libexec/gcc/:/home/wlx/program/espressif/.espressif/tools/xtensa-esp32s2-elf/esp-2022r1-11.2.0/xtensa-esp32s2-elf/bin/../lib/gcc/xtensa-esp32s2-elf/11.2.0/../../../../xtensa-esp32s2-elf/bin/
LIBRARY_PATH=/home/wlx/program/espressif/.espressif/tools/xtensa-esp32s2-elf/esp-2022r1-11.2.0/xtensa-esp32s2-elf/bin/../lib/gcc/xtensa-esp32s2-elf/11.2.0/:/home/wlx/program/espressif/.espressif/tools/xtensa-esp32s2-elf/esp-2022r1-11.2.0/xtensa-esp32s2-elf/bin/../lib/gcc/:/home/wlx/program/espressif/.espressif/tools/xtensa-esp32s2-elf/esp-2022r1-11.2.0/xtensa-esp32s2-elf/bin/../lib/gcc/xtensa-esp32s2-elf/11.2.0/../../../../xtensa-esp32s2-elf/lib/
COLLECT_GCC_OPTIONS='-mlongcalls' '-v' '-o' 'CMakeFiles/cmTC_248e6.dir/CMakeCCompilerABI.c.obj' '-c' '-dumpdir' 'CMakeFiles/cmTC_248e6.dir/CMakeCCompilerABI.c.'
[2/2] Linking C executable cmTC_248e6
Using built-in specs.
COLLECT_GCC=/home/wlx/program/espressif/.espressif/tools/xtensa-esp32s2-elf/esp-2022r1-11.2.0/xtensa-esp32s2-elf/bin/xtensa-esp32s2-elf-gcc
COLLECT_LTO_WRAPPER=/home/wlx/program/espressif/.espressif/tools/xtensa-esp32s2-elf/esp-2022r1-11.2.0/xtensa-esp32s2-elf/bin/../libexec/gcc/xtensa-esp32s2-elf/11.2.0/lto-wrapper
Target: xtensa-esp32s2-elf
Configured with: /builds/idf/crosstool-NG/.build/xtensa-esp32s2-elf/src/gcc/configure --build=x86_64-build_pc-linux-gnu --host=x86_64-build_pc-linux-gnu --target=xtensa-esp32s2-elf --prefix=/builds/idf/crosstool-NG/builds/xtensa-esp32s2-elf --exec_prefix=/builds/idf/crosstool-NG/builds/xtensa-esp32s2-elf --with-local-prefix=/builds/idf/crosstool-NG/builds/xtensa-esp32s2-elf/xtensa-esp32s2-elf --with-headers=/builds/idf/crosstool-NG/builds/xtensa-esp32s2-elf/xtensa-esp32s2-elf/include --with-newlib --enable-threads=no --disable-shared --with-pkgversion='crosstool-NG esp-2022r1' --disable-__cxa_atexit --enable-cxx-flags=-ffunction-sections --disable-libgomp --disable-libmudflap --disable-libmpx --disable-libssp --disable-libquadmath --disable-libquadmath-support --disable-libstdcxx-verbose --with-gmp=/builds/idf/crosstool-NG/.build/xtensa-esp32s2-elf/buildtools --with-mpfr=/builds/idf/crosstool-NG/.build/xtensa-esp32s2-elf/buildtools --with-mpc=/builds/idf/crosstool-NG/.build/xtensa-esp32s2-elf/buildtools --with-isl=/builds/idf/crosstool-NG/.build/xtensa-esp32s2-elf/buildtools --enable-lto --enable-target-optspace --without-long-double-128 --disable-nls --enable-multiarch --enable-languages=c,c++ --disable-libstdcxx-verbose --enable-threads=posix --enable-gcov-custom-rtio --enable-libstdcxx-time=yes
Thread model: posix
Supported LTO compression algorithms: zlib
gcc version 11.2.0 (crosstool-NG esp-2022r1) 
COMPILER_PATH=/home/wlx/program/espressif/.espressif/tools/xtensa-esp32s2-elf/esp-2022r1-11.2.0/xtensa-esp32s2-elf/bin/../libexec/gcc/xtensa-esp32s2-elf/11.2.0/:/home/wlx/program/espressif/.espressif/tools/xtensa-esp32s2-elf/esp-2022r1-11.2.0/xtensa-esp32s2-elf/bin/../libexec/gcc/:/home/wlx/program/espressif/.espressif/tools/xtensa-esp32s2-elf/esp-2022r1-11.2.0/xtensa-esp32s2-elf/bin/../lib/gcc/xtensa-esp32s2-elf/11.2.0/../../../../xtensa-esp32s2-elf/bin/
LIBRARY_PATH=/home/wlx/program/espressif/.espressif/tools/xtensa-esp32s2-elf/esp-2022r1-11.2.0/xtensa-esp32s2-elf/bin/../lib/gcc/xtensa-esp32s2-elf/11.2.0/:/home/wlx/program/espressif/.espressif/tools/xtensa-esp32s2-elf/esp-2022r1-11.2.0/xtensa-esp32s2-elf/bin/../lib/gcc/:/home/wlx/program/espressif/.espressif/tools/xtensa-esp32s2-elf/esp-2022r1-11.2.0/xtensa-esp32s2-elf/bin/../lib/gcc/xtensa-esp32s2-elf/11.2.0/../../../../xtensa-esp32s2-elf/lib/
COLLECT_GCC_OPTIONS='-mlongcalls' '-v' '-o' 'cmTC_248e6' '-dumpdir' 'cmTC_248e6.'
 /home/wlx/program/espressif/.espressif/tools/xtensa-esp32s2-elf/esp-2022r1-11.2.0/xtensa-esp32s2-elf/bin/../libexec/gcc/xtensa-esp32s2-elf/11.2.0/collect2 -plugin /home/wlx/program/espressif/.espressif/tools/xtensa-esp32s2-elf/esp-2022r1-11.2.0/xtensa-esp32s2-elf/bin/../libexec/gcc/xtensa-esp32s2-elf/11.2.0/liblto_plugin.so -plugin-opt=/home/wlx/program/espressif/.espressif/tools/xtensa-esp32s2-elf/esp-2022r1-11.2.0/xtensa-esp32s2-elf/bin/../libexec/gcc/xtensa-esp32s2-elf/11.2.0/lto-wrapper -plugin-opt=-fresolution=/tmp/ccXlzUMv.res -plugin-opt=-pass-through=-lgcc -plugin-opt=-pass-through=-lc -plugin-opt=-pass-through=-lnosys -plugin-opt=-pass-through=-lc -plugin-opt=-pass-through=-lgcc -o cmTC_248e6 /home/wlx/program/espressif/.espressif/tools/xtensa-esp32s2-elf/esp-2022r1-11.2.0/xtensa-esp32s2-elf/bin/../lib/gcc/xtensa-esp32s2-elf/11.2.0/../../../../xtensa-esp32s2-elf/lib/crt0.o /home/wlx/program/espressif/.espressif/tools/xtensa-esp32s2-elf/esp-2022r1-11.2.0/xtensa-esp32s2-elf/bin/../lib/gcc/xtensa-esp32s2-elf/11.2.0/crti.o /home/wlx/program/espressif/.espressif/tools/xtensa-esp32s2-elf/esp-2022r1-11.2.0/xtensa-esp32s2-elf/bin/../lib/gcc/xtensa-esp32s2-elf/11.2.0/crtbegin.o -L/home/wlx/program/espressif/.espressif/tools/xtensa-esp32s2-elf/esp-2022r1-11.2.0/xtensa-esp32s2-elf/bin/../lib/gcc/xtensa-esp32s2-elf/11.2.0 -L/home/wlx/program/espressif/.espressif/tools/xtensa-esp32s2-elf/esp-2022r1-11.2.0/xtensa-esp32s2-elf/bin/../lib/gcc -L/home/wlx/program/espressif/.espressif/tools/xtensa-esp32s2-elf/esp-2022r1-11.2.0/xtensa-esp32s2-elf/bin/../lib/gcc/xtensa-esp32s2-elf/11.2.0/../../../../xtensa-esp32s2-elf/lib CMakeFiles/cmTC_248e6.dir/CMakeCCompilerABI.c.obj -lgcc -lc -lnosys -lc -lgcc /home/wlx/program/espressif/.espressif/tools/xtensa-esp32s2-elf/esp-2022r1-11.2.0/xtensa-esp32s2-elf/bin/../lib/gcc/xtensa-esp32s2-elf/11.2.0/crtend.o /home/wlx/program/espressif/.espressif/tools/xtensa-esp32s2-elf/esp-2022r1-11.2.0/xtensa-esp32s2-elf/bin/../lib/gcc/xtensa-esp32s2-elf/11.2.0/crtn.o
COLLECT_GCC_OPTIONS='-mlongcalls' '-v' '-o' 'cmTC_248e6' '-dumpdir' 'cmTC_248e6.'



Parsed C implicit include dir info from above output: rv=done
  found start of include info
  found start of implicit include info
    add: [/home/wlx/program/espressif/.espressif/tools/xtensa-esp32s2-elf/esp-2022r1-11.2.0/xtensa-esp32s2-elf/bin/../lib/gcc/xtensa-esp32s2-elf/11.2.0/include]
    add: [/home/wlx/program/espressif/.espressif/tools/xtensa-esp32s2-elf/esp-2022r1-11.2.0/xtensa-esp32s2-elf/bin/../lib/gcc/xtensa-esp32s2-elf/11.2.0/include-fixed]
    add: [/home/wlx/program/espressif/.espressif/tools/xtensa-esp32s2-elf/esp-2022r1-11.2.0/xtensa-esp32s2-elf/bin/../lib/gcc/xtensa-esp32s2-elf/11.2.0/../../../../xtensa-esp32s2-elf/sys-include]
    add: [/home/wlx/program/espressif/.espressif/tools/xtensa-esp32s2-elf/esp-2022r1-11.2.0/xtensa-esp32s2-elf/bin/../lib/gcc/xtensa-esp32s2-elf/11.2.0/../../../../xtensa-esp32s2-elf/include]
  end of search list found
  collapse include dir [/home/wlx/program/espressif/.espressif/tools/xtensa-esp32s2-elf/esp-2022r1-11.2.0/xtensa-esp32s2-elf/bin/../lib/gcc/xtensa-esp32s2-elf/11.2.0/include] ==> [/home/wlx/program/espressif/.espressif/tools/xtensa-esp32s2-elf/esp-2022r1-11.2.0/xtensa-esp32s2-elf/lib/gcc/xtensa-esp32s2-elf/11.2.0/include]
  collapse include dir [/home/wlx/program/espressif/.espressif/tools/xtensa-esp32s2-elf/esp-2022r1-11.2.0/xtensa-esp32s2-elf/bin/../lib/gcc/xtensa-esp32s2-elf/11.2.0/include-fixed] ==> [/home/wlx/program/espressif/.espressif/tools/xtensa-esp32s2-elf/esp-2022r1-11.2.0/xtensa-esp32s2-elf/lib/gcc/xtensa-esp32s2-elf/11.2.0/include-fixed]
  collapse include dir [/home/wlx/program/espressif/.espressif/tools/xtensa-esp32s2-elf/esp-2022r1-11.2.0/xtensa-esp32s2-elf/bin/../lib/gcc/xtensa-esp32s2-elf/11.2.0/../../../../xtensa-esp32s2-elf/sys-include] ==> [/home/wlx/program/espressif/.espressif/tools/xtensa-esp32s2-elf/esp-2022r1-11.2.0/xtensa-esp32s2-elf/xtensa-esp32s2-elf/sys-include]
  collapse include dir [/home/wlx/program/espressif/.espressif/tools/xtensa-esp32s2-elf/esp-2022r1-11.2.0/xtensa-esp32s2-elf/bin/../lib/gcc/xtensa-esp32s2-elf/11.2.0/../../../../xtensa-esp32s2-elf/include] ==> [/home/wlx/program/espressif/.espressif/tools/xtensa-esp32s2-elf/esp-2022r1-11.2.0/xtensa-esp32s2-elf/xtensa-esp32s2-elf/include]
  implicit include dirs: [/home/wlx/program/espressif/.espressif/tools/xtensa-esp32s2-elf/esp-2022r1-11.2.0/xtensa-esp32s2-elf/lib/gcc/xtensa-esp32s2-elf/11.2.0/include;/home/wlx/program/espressif/.espressif/tools/xtensa-esp32s2-elf/esp-2022r1-11.2.0/xtensa-esp32s2-elf/lib/gcc/xtensa-esp32s2-elf/11.2.0/include-fixed;/home/wlx/program/espressif/.espressif/tools/xtensa-esp32s2-elf/esp-2022r1-11.2.0/xtensa-esp32s2-elf/xtensa-esp32s2-elf/sys-include;/home/wlx/program/espressif/.espressif/tools/xtensa-esp32s2-elf/esp-2022r1-11.2.0/xtensa-esp32s2-elf/xtensa-esp32s2-elf/include]


Parsed C implicit link information from above output:
  link line regex: [^( *|.*[/\])(xtensa-esp32s2-elf-ld|CMAKE_LINK_STARTFILE-NOTFOUND|([^/\]+-)?ld|collect2)[^/\]*( |$)]
  ignore line: [Change Dir: /home/wlx/learn/espidf/04.3.2_LVGL_INDEV/build/bootloader/CMakeFiles/CMakeTmp]
  ignore line: []
  ignore line: [Run Build Command(s):/home/wlx/program/espressif/.espressif/tools/ninja/1.10.2/ninja cmTC_248e6 && [1/2] Building C object CMakeFiles/cmTC_248e6.dir/CMakeCCompilerABI.c.obj]
  ignore line: [Using built-in specs.]
  ignore line: [COLLECT_GCC=/home/wlx/program/espressif/.espressif/tools/xtensa-esp32s2-elf/esp-2022r1-11.2.0/xtensa-esp32s2-elf/bin/xtensa-esp32s2-elf-gcc]
  ignore line: [Target: xtensa-esp32s2-elf]
  ignore line: [Configured with: /builds/idf/crosstool-NG/.build/xtensa-esp32s2-elf/src/gcc/configure --build=x86_64-build_pc-linux-gnu --host=x86_64-build_pc-linux-gnu --target=xtensa-esp32s2-elf --prefix=/builds/idf/crosstool-NG/builds/xtensa-esp32s2-elf --exec_prefix=/builds/idf/crosstool-NG/builds/xtensa-esp32s2-elf --with-local-prefix=/builds/idf/crosstool-NG/builds/xtensa-esp32s2-elf/xtensa-esp32s2-elf --with-headers=/builds/idf/crosstool-NG/builds/xtensa-esp32s2-elf/xtensa-esp32s2-elf/include --with-newlib --enable-threads=no --disable-shared --with-pkgversion='crosstool-NG esp-2022r1' --disable-__cxa_atexit --enable-cxx-flags=-ffunction-sections --disable-libgomp --disable-libmudflap --disable-libmpx --disable-libssp --disable-libquadmath --disable-libquadmath-support --disable-libstdcxx-verbose --with-gmp=/builds/idf/crosstool-NG/.build/xtensa-esp32s2-elf/buildtools --with-mpfr=/builds/idf/crosstool-NG/.build/xtensa-esp32s2-elf/buildtools --with-mpc=/builds/idf/crosstool-NG/.build/xtensa-esp32s2-elf/buildtools --with-isl=/builds/idf/crosstool-NG/.build/xtensa-esp32s2-elf/buildtools --enable-lto --enable-target-optspace --without-long-double-128 --disable-nls --enable-multiarch --enable-languages=c c++ --disable-libstdcxx-verbose --enable-threads=posix --enable-gcov-custom-rtio --enable-libstdcxx-time=yes]
  ignore line: [Thread model: posix]
  ignore line: [Supported LTO compression algorithms: zlib]
  ignore line: [gcc version 11.2.0 (crosstool-NG esp-2022r1) ]
  ignore line: [COLLECT_GCC_OPTIONS='-mlongcalls' '-v' '-o' 'CMakeFiles/cmTC_248e6.dir/CMakeCCompilerABI.c.obj' '-c' '-dumpdir' 'CMakeFiles/cmTC_248e6.dir/']
  ignore line: [ /home/wlx/program/espressif/.espressif/tools/xtensa-esp32s2-elf/esp-2022r1-11.2.0/xtensa-esp32s2-elf/bin/../libexec/gcc/xtensa-esp32s2-elf/11.2.0/cc1 -quiet -v -iprefix /home/wlx/program/espressif/.espressif/tools/xtensa-esp32s2-elf/esp-2022r1-11.2.0/xtensa-esp32s2-elf/bin/../lib/gcc/xtensa-esp32s2-elf/11.2.0/ /home/wlx/program/espressif/.espressif/tools/cmake/3.24.0/share/cmake-3.24/Modules/CMakeCCompilerABI.c -quiet -dumpdir CMakeFiles/cmTC_248e6.dir/ -dumpbase CMakeCCompilerABI.c.c -dumpbase-ext .c -mlongcalls -version -o /tmp/cclYjqRe.s]
  ignore line: [GNU C17 (crosstool-NG esp-2022r1) version 11.2.0 (xtensa-esp32s2-elf)]
  ignore line: [	compiled by GNU C version 4.9.2  GMP version 6.2.1  MPFR version 4.1.0  MPC version 1.2.1  isl version isl-0.24-GMP]
  ignore line: []
  ignore line: [GGC heuristics: --param ggc-min-expand=100 --param ggc-min-heapsize=131072]
  ignore line: [ignoring duplicate directory "/home/wlx/program/espressif/.espressif/tools/xtensa-esp32s2-elf/esp-2022r1-11.2.0/xtensa-esp32s2-elf/bin/../lib/gcc/../../lib/gcc/xtensa-esp32s2-elf/11.2.0/include"]
  ignore line: [ignoring duplicate directory "/home/wlx/program/espressif/.espressif/tools/xtensa-esp32s2-elf/esp-2022r1-11.2.0/xtensa-esp32s2-elf/bin/../lib/gcc/../../lib/gcc/xtensa-esp32s2-elf/11.2.0/include-fixed"]
  ignore line: [ignoring duplicate directory "/home/wlx/program/espressif/.espressif/tools/xtensa-esp32s2-elf/esp-2022r1-11.2.0/xtensa-esp32s2-elf/bin/../lib/gcc/../../lib/gcc/xtensa-esp32s2-elf/11.2.0/../../../../xtensa-esp32s2-elf/sys-include"]
  ignore line: [ignoring duplicate directory "/home/wlx/program/espressif/.espressif/tools/xtensa-esp32s2-elf/esp-2022r1-11.2.0/xtensa-esp32s2-elf/bin/../lib/gcc/../../lib/gcc/xtensa-esp32s2-elf/11.2.0/../../../../xtensa-esp32s2-elf/include"]
  ignore line: [#include "..." search starts here:]
  ignore line: [#include <...> search starts here:]
  ignore line: [ /home/wlx/program/espressif/.espressif/tools/xtensa-esp32s2-elf/esp-2022r1-11.2.0/xtensa-esp32s2-elf/bin/../lib/gcc/xtensa-esp32s2-elf/11.2.0/include]
  ignore line: [ /home/wlx/program/espressif/.espressif/tools/xtensa-esp32s2-elf/esp-2022r1-11.2.0/xtensa-esp32s2-elf/bin/../lib/gcc/xtensa-esp32s2-elf/11.2.0/include-fixed]
  ignore line: [ /home/wlx/program/espressif/.espressif/tools/xtensa-esp32s2-elf/esp-2022r1-11.2.0/xtensa-esp32s2-elf/bin/../lib/gcc/xtensa-esp32s2-elf/11.2.0/../../../../xtensa-esp32s2-elf/sys-include]
  ignore line: [ /home/wlx/program/espressif/.espressif/tools/xtensa-esp32s2-elf/esp-2022r1-11.2.0/xtensa-esp32s2-elf/bin/../lib/gcc/xtensa-esp32s2-elf/11.2.0/../../../../xtensa-esp32s2-elf/include]
  ignore line: [End of search list.]
  ignore line: [GNU C17 (crosstool-NG esp-2022r1) version 11.2.0 (xtensa-esp32s2-elf)]
  ignore line: [	compiled by GNU C version 4.9.2  GMP version 6.2.1  MPFR version 4.1.0  MPC version 1.2.1  isl version isl-0.24-GMP]
  ignore line: []
  ignore line: [GGC heuristics: --param ggc-min-expand=100 --param ggc-min-heapsize=131072]
  ignore line: [Compiler executable checksum: 43b6adf9f81ea252b9534d0330bc0c0b]
  ignore line: [COLLECT_GCC_OPTIONS='-mlongcalls' '-v' '-o' 'CMakeFiles/cmTC_248e6.dir/CMakeCCompilerABI.c.obj' '-c' '-dumpdir' 'CMakeFiles/cmTC_248e6.dir/']
  ignore line: [ /home/wlx/program/espressif/.espressif/tools/xtensa-esp32s2-elf/esp-2022r1-11.2.0/xtensa-esp32s2-elf/bin/../lib/gcc/xtensa-esp32s2-elf/11.2.0/../../../../xtensa-esp32s2-elf/bin/as --traditional-format --longcalls -o CMakeFiles/cmTC_248e6.dir/CMakeCCompilerABI.c.obj /tmp/cclYjqRe.s]
  ignore line: [COMPILER_PATH=/home/wlx/program/espressif/.espressif/tools/xtensa-esp32s2-elf/esp-2022r1-11.2.0/xtensa-esp32s2-elf/bin/../libexec/gcc/xtensa-esp32s2-elf/11.2.0/:/home/wlx/program/espressif/.espressif/tools/xtensa-esp32s2-elf/esp-2022r1-11.2.0/xtensa-esp32s2-elf/bin/../libexec/gcc/:/home/wlx/program/espressif/.espressif/tools/xtensa-esp32s2-elf/esp-2022r1-11.2.0/xtensa-esp32s2-elf/bin/../lib/gcc/xtensa-esp32s2-elf/11.2.0/../../../../xtensa-esp32s2-elf/bin/]
  ignore line: [LIBRARY_PATH=/home/wlx/program/espressif/.espressif/tools/xtensa-esp32s2-elf/esp-2022r1-11.2.0/xtensa-esp32s2-elf/bin/../lib/gcc/xtensa-esp32s2-elf/11.2.0/:/home/wlx/program/espressif/.espressif/tools/xtensa-esp32s2-elf/esp-2022r1-11.2.0/xtensa-esp32s2-elf/bin/../lib/gcc/:/home/wlx/program/espressif/.espressif/tools/xtensa-esp32s2-elf/esp-2022r1-11.2.0/xtensa-esp32s2-elf/bin/../lib/gcc/xtensa-esp32s2-elf/11.2.0/../../../../xtensa-esp32s2-elf/lib/]
  ignore line: [COLLECT_GCC_OPTIONS='-mlongcalls' '-v' '-o' 'CMakeFiles/cmTC_248e6.dir/CMakeCCompilerABI.c.obj' '-c' '-dumpdir' 'CMakeFiles/cmTC_248e6.dir/CMakeCCompilerABI.c.']
  ignore line: [[2/2] Linking C executable cmTC_248e6]
  ignore line: [Using built-in specs.]
  ignore line: [COLLECT_GCC=/home/wlx/program/espressif/.espressif/tools/xtensa-esp32s2-elf/esp-2022r1-11.2.0/xtensa-esp32s2-elf/bin/xtensa-esp32s2-elf-gcc]
  ignore line: [COLLECT_LTO_WRAPPER=/home/wlx/program/espressif/.espressif/tools/xtensa-esp32s2-elf/esp-2022r1-11.2.0/xtensa-esp32s2-elf/bin/../libexec/gcc/xtensa-esp32s2-elf/11.2.0/lto-wrapper]
  ignore line: [Target: xtensa-esp32s2-elf]
  ignore line: [Configured with: /builds/idf/crosstool-NG/.build/xtensa-esp32s2-elf/src/gcc/configure --build=x86_64-build_pc-linux-gnu --host=x86_64-build_pc-linux-gnu --target=xtensa-esp32s2-elf --prefix=/builds/idf/crosstool-NG/builds/xtensa-esp32s2-elf --exec_prefix=/builds/idf/crosstool-NG/builds/xtensa-esp32s2-elf --with-local-prefix=/builds/idf/crosstool-NG/builds/xtensa-esp32s2-elf/xtensa-esp32s2-elf --with-headers=/builds/idf/crosstool-NG/builds/xtensa-esp32s2-elf/xtensa-esp32s2-elf/include --with-newlib --enable-threads=no --disable-shared --with-pkgversion='crosstool-NG esp-2022r1' --disable-__cxa_atexit --enable-cxx-flags=-ffunction-sections --disable-libgomp --disable-libmudflap --disable-libmpx --disable-libssp --disable-libquadmath --disable-libquadmath-support --disable-libstdcxx-verbose --with-gmp=/builds/idf/crosstool-NG/.build/xtensa-esp32s2-elf/buildtools --with-mpfr=/builds/idf/crosstool-NG/.build/xtensa-esp32s2-elf/buildtools --with-mpc=/builds/idf/crosstool-NG/.build/xtensa-esp32s2-elf/buildtools --with-isl=/builds/idf/crosstool-NG/.build/xtensa-esp32s2-elf/buildtools --enable-lto --enable-target-optspace --without-long-double-128 --disable-nls --enable-multiarch --enable-languages=c c++ --disable-libstdcxx-verbose --enable-threads=posix --enable-gcov-custom-rtio --enable-libstdcxx-time=yes]
  ignore line: [Thread model: posix]
  ignore line: [Supported LTO compression algorithms: zlib]
  ignore line: [gcc version 11.2.0 (crosstool-NG esp-2022r1) ]
  ignore line: [COMPILER_PATH=/home/wlx/program/espressif/.espressif/tools/xtensa-esp32s2-elf/esp-2022r1-11.2.0/xtensa-esp32s2-elf/bin/../libexec/gcc/xtensa-esp32s2-elf/11.2.0/:/home/wlx/program/espressif/.espressif/tools/xtensa-esp32s2-elf/esp-2022r1-11.2.0/xtensa-esp32s2-elf/bin/../libexec/gcc/:/home/wlx/program/espressif/.espressif/tools/xtensa-esp32s2-elf/esp-2022r1-11.2.0/xtensa-esp32s2-elf/bin/../lib/gcc/xtensa-esp32s2-elf/11.2.0/../../../../xtensa-esp32s2-elf/bin/]
  ignore line: [LIBRARY_PATH=/home/wlx/program/espressif/.espressif/tools/xtensa-esp32s2-elf/esp-2022r1-11.2.0/xtensa-esp32s2-elf/bin/../lib/gcc/xtensa-esp32s2-elf/11.2.0/:/home/wlx/program/espressif/.espressif/tools/xtensa-esp32s2-elf/esp-2022r1-11.2.0/xtensa-esp32s2-elf/bin/../lib/gcc/:/home/wlx/program/espressif/.espressif/tools/xtensa-esp32s2-elf/esp-2022r1-11.2.0/xtensa-esp32s2-elf/bin/../lib/gcc/xtensa-esp32s2-elf/11.2.0/../../../../xtensa-esp32s2-elf/lib/]
  ignore line: [COLLECT_GCC_OPTIONS='-mlongcalls' '-v' '-o' 'cmTC_248e6' '-dumpdir' 'cmTC_248e6.']
  link line: [ /home/wlx/program/espressif/.espressif/tools/xtensa-esp32s2-elf/esp-2022r1-11.2.0/xtensa-esp32s2-elf/bin/../libexec/gcc/xtensa-esp32s2-elf/11.2.0/collect2 -plugin /home/wlx/program/espressif/.espressif/tools/xtensa-esp32s2-elf/esp-2022r1-11.2.0/xtensa-esp32s2-elf/bin/../libexec/gcc/xtensa-esp32s2-elf/11.2.0/liblto_plugin.so -plugin-opt=/home/wlx/program/espressif/.espressif/tools/xtensa-esp32s2-elf/esp-2022r1-11.2.0/xtensa-esp32s2-elf/bin/../libexec/gcc/xtensa-esp32s2-elf/11.2.0/lto-wrapper -plugin-opt=-fresolution=/tmp/ccXlzUMv.res -plugin-opt=-pass-through=-lgcc -plugin-opt=-pass-through=-lc -plugin-opt=-pass-through=-lnosys -plugin-opt=-pass-through=-lc -plugin-opt=-pass-through=-lgcc -o cmTC_248e6 /home/wlx/program/espressif/.espressif/tools/xtensa-esp32s2-elf/esp-2022r1-11.2.0/xtensa-esp32s2-elf/bin/../lib/gcc/xtensa-esp32s2-elf/11.2.0/../../../../xtensa-esp32s2-elf/lib/crt0.o /home/wlx/program/espressif/.espressif/tools/xtensa-esp32s2-elf/esp-2022r1-11.2.0/xtensa-esp32s2-elf/bin/../lib/gcc/xtensa-esp32s2-elf/11.2.0/crti.o /home/wlx/program/espressif/.espressif/tools/xtensa-esp32s2-elf/esp-2022r1-11.2.0/xtensa-esp32s2-elf/bin/../lib/gcc/xtensa-esp32s2-elf/11.2.0/crtbegin.o -L/home/wlx/program/espressif/.espressif/tools/xtensa-esp32s2-elf/esp-2022r1-11.2.0/xtensa-esp32s2-elf/bin/../lib/gcc/xtensa-esp32s2-elf/11.2.0 -L/home/wlx/program/espressif/.espressif/tools/xtensa-esp32s2-elf/esp-2022r1-11.2.0/xtensa-esp32s2-elf/bin/../lib/gcc -L/home/wlx/program/espressif/.espressif/tools/xtensa-esp32s2-elf/esp-2022r1-11.2.0/xtensa-esp32s2-elf/bin/../lib/gcc/xtensa-esp32s2-elf/11.2.0/../../../../xtensa-esp32s2-elf/lib CMakeFiles/cmTC_248e6.dir/CMakeCCompilerABI.c.obj -lgcc -lc -lnosys -lc -lgcc /home/wlx/program/espressif/.espressif/tools/xtensa-esp32s2-elf/esp-2022r1-11.2.0/xtensa-esp32s2-elf/bin/../lib/gcc/xtensa-esp32s2-elf/11.2.0/crtend.o /home/wlx/program/espressif/.espressif/tools/xtensa-esp32s2-elf/esp-2022r1-11.2.0/xtensa-esp32s2-elf/bin/../lib/gcc/xtensa-esp32s2-elf/11.2.0/crtn.o]
    arg [/home/wlx/program/espressif/.espressif/tools/xtensa-esp32s2-elf/esp-2022r1-11.2.0/xtensa-esp32s2-elf/bin/../libexec/gcc/xtensa-esp32s2-elf/11.2.0/collect2] ==> ignore
    arg [-plugin] ==> ignore
    arg [/home/wlx/program/espressif/.espressif/tools/xtensa-esp32s2-elf/esp-2022r1-11.2.0/xtensa-esp32s2-elf/bin/../libexec/gcc/xtensa-esp32s2-elf/11.2.0/liblto_plugin.so] ==> ignore
    arg [-plugin-opt=/home/wlx/program/espressif/.espressif/tools/xtensa-esp32s2-elf/esp-2022r1-11.2.0/xtensa-esp32s2-elf/bin/../libexec/gcc/xtensa-esp32s2-elf/11.2.0/lto-wrapper] ==> ignore
    arg [-plugin-opt=-fresolution=/tmp/ccXlzUMv.res] ==> ignore
    arg [-plugin-opt=-pass-through=-lgcc] ==> ignore
    arg [-plugin-opt=-pass-through=-lc] ==> ignore
    arg [-plugin-opt=-pass-through=-lnosys] ==> ignore
    arg [-plugin-opt=-pass-through=-lc] ==> ignore
    arg [-plugin-opt=-pass-through=-lgcc] ==> ignore
    arg [-o] ==> ignore
    arg [cmTC_248e6] ==> ignore
    arg [/home/wlx/program/espressif/.espressif/tools/xtensa-esp32s2-elf/esp-2022r1-11.2.0/xtensa-esp32s2-elf/bin/../lib/gcc/xtensa-esp32s2-elf/11.2.0/../../../../xtensa-esp32s2-elf/lib/crt0.o] ==> obj [/home/wlx/program/espressif/.espressif/tools/xtensa-esp32s2-elf/esp-2022r1-11.2.0/xtensa-esp32s2-elf/bin/../lib/gcc/xtensa-esp32s2-elf/11.2.0/../../../../xtensa-esp32s2-elf/lib/crt0.o]
    arg [/home/wlx/program/espressif/.espressif/tools/xtensa-esp32s2-elf/esp-2022r1-11.2.0/xtensa-esp32s2-elf/bin/../lib/gcc/xtensa-esp32s2-elf/11.2.0/crti.o] ==> obj [/home/wlx/program/espressif/.espressif/tools/xtensa-esp32s2-elf/esp-2022r1-11.2.0/xtensa-esp32s2-elf/bin/../lib/gcc/xtensa-esp32s2-elf/11.2.0/crti.o]
    arg [/home/wlx/program/espressif/.espressif/tools/xtensa-esp32s2-elf/esp-2022r1-11.2.0/xtensa-esp32s2-elf/bin/../lib/gcc/xtensa-esp32s2-elf/11.2.0/crtbegin.o] ==> obj [/home/wlx/program/espressif/.espressif/tools/xtensa-esp32s2-elf/esp-2022r1-11.2.0/xtensa-esp32s2-elf/bin/../lib/gcc/xtensa-esp32s2-elf/11.2.0/crtbegin.o]
    arg [-L/home/wlx/program/espressif/.espressif/tools/xtensa-esp32s2-elf/esp-2022r1-11.2.0/xtensa-esp32s2-elf/bin/../lib/gcc/xtensa-esp32s2-elf/11.2.0] ==> dir [/home/wlx/program/espressif/.espressif/tools/xtensa-esp32s2-elf/esp-2022r1-11.2.0/xtensa-esp32s2-elf/bin/../lib/gcc/xtensa-esp32s2-elf/11.2.0]
    arg [-L/home/wlx/program/espressif/.espressif/tools/xtensa-esp32s2-elf/esp-2022r1-11.2.0/xtensa-esp32s2-elf/bin/../lib/gcc] ==> dir [/home/wlx/program/espressif/.espressif/tools/xtensa-esp32s2-elf/esp-2022r1-11.2.0/xtensa-esp32s2-elf/bin/../lib/gcc]
    arg [-L/home/wlx/program/espressif/.espressif/tools/xtensa-esp32s2-elf/esp-2022r1-11.2.0/xtensa-esp32s2-elf/bin/../lib/gcc/xtensa-esp32s2-elf/11.2.0/../../../../xtensa-esp32s2-elf/lib] ==> dir [/home/wlx/program/espressif/.espressif/tools/xtensa-esp32s2-elf/esp-2022r1-11.2.0/xtensa-esp32s2-elf/bin/../lib/gcc/xtensa-esp32s2-elf/11.2.0/../../../../xtensa-esp32s2-elf/lib]
    arg [CMakeFiles/cmTC_248e6.dir/CMakeCCompilerABI.c.obj] ==> ignore
    arg [-lgcc] ==> lib [gcc]
    arg [-lc] ==> lib [c]
    arg [-lnosys] ==> lib [nosys]
    arg [-lc] ==> lib [c]
    arg [-lgcc] ==> lib [gcc]
    arg [/home/wlx/program/espressif/.espressif/tools/xtensa-esp32s2-elf/esp-2022r1-11.2.0/xtensa-esp32s2-elf/bin/../lib/gcc/xtensa-esp32s2-elf/11.2.0/crtend.o] ==> obj [/home/wlx/program/espressif/.espressif/tools/xtensa-esp32s2-elf/esp-2022r1-11.2.0/xtensa-esp32s2-elf/bin/../lib/gcc/xtensa-esp32s2-elf/11.2.0/crtend.o]
    arg [/home/wlx/program/espressif/.espressif/tools/xtensa-esp32s2-elf/esp-2022r1-11.2.0/xtensa-esp32s2-elf/bin/../lib/gcc/xtensa-esp32s2-elf/11.2.0/crtn.o] ==> obj [/home/wlx/program/espressif/.espressif/tools/xtensa-esp32s2-elf/esp-2022r1-11.2.0/xtensa-esp32s2-elf/bin/../lib/gcc/xtensa-esp32s2-elf/11.2.0/crtn.o]
  collapse obj [/home/wlx/program/espressif/.espressif/tools/xtensa-esp32s2-elf/esp-2022r1-11.2.0/xtensa-esp32s2-elf/bin/../lib/gcc/xtensa-esp32s2-elf/11.2.0/../../../../xtensa-esp32s2-elf/lib/crt0.o] ==> [/home/wlx/program/espressif/.espressif/tools/xtensa-esp32s2-elf/esp-2022r1-11.2.0/xtensa-esp32s2-elf/xtensa-esp32s2-elf/lib/crt0.o]
  collapse obj [/home/wlx/program/espressif/.espressif/tools/xtensa-esp32s2-elf/esp-2022r1-11.2.0/xtensa-esp32s2-elf/bin/../lib/gcc/xtensa-esp32s2-elf/11.2.0/crti.o] ==> [/home/wlx/program/espressif/.espressif/tools/xtensa-esp32s2-elf/esp-2022r1-11.2.0/xtensa-esp32s2-elf/lib/gcc/xtensa-esp32s2-elf/11.2.0/crti.o]
  collapse obj [/home/wlx/program/espressif/.espressif/tools/xtensa-esp32s2-elf/esp-2022r1-11.2.0/xtensa-esp32s2-elf/bin/../lib/gcc/xtensa-esp32s2-elf/11.2.0/crtbegin.o] ==> [/home/wlx/program/espressif/.espressif/tools/xtensa-esp32s2-elf/esp-2022r1-11.2.0/xtensa-esp32s2-elf/lib/gcc/xtensa-esp32s2-elf/11.2.0/crtbegin.o]
  collapse obj [/home/wlx/program/espressif/.espressif/tools/xtensa-esp32s2-elf/esp-2022r1-11.2.0/xtensa-esp32s2-elf/bin/../lib/gcc/xtensa-esp32s2-elf/11.2.0/crtend.o] ==> [/home/wlx/program/espressif/.espressif/tools/xtensa-esp32s2-elf/esp-2022r1-11.2.0/xtensa-esp32s2-elf/lib/gcc/xtensa-esp32s2-elf/11.2.0/crtend.o]
  collapse obj [/home/wlx/program/espressif/.espressif/tools/xtensa-esp32s2-elf/esp-2022r1-11.2.0/xtensa-esp32s2-elf/bin/../lib/gcc/xtensa-esp32s2-elf/11.2.0/crtn.o] ==> [/home/wlx/program/espressif/.espressif/tools/xtensa-esp32s2-elf/esp-2022r1-11.2.0/xtensa-esp32s2-elf/lib/gcc/xtensa-esp32s2-elf/11.2.0/crtn.o]
  collapse library dir [/home/wlx/program/espressif/.espressif/tools/xtensa-esp32s2-elf/esp-2022r1-11.2.0/xtensa-esp32s2-elf/bin/../lib/gcc/xtensa-esp32s2-elf/11.2.0] ==> [/home/wlx/program/espressif/.espressif/tools/xtensa-esp32s2-elf/esp-2022r1-11.2.0/xtensa-esp32s2-elf/lib/gcc/xtensa-esp32s2-elf/11.2.0]
  collapse library dir [/home/wlx/program/espressif/.espressif/tools/xtensa-esp32s2-elf/esp-2022r1-11.2.0/xtensa-esp32s2-elf/bin/../lib/gcc] ==> [/home/wlx/program/espressif/.espressif/tools/xtensa-esp32s2-elf/esp-2022r1-11.2.0/xtensa-esp32s2-elf/lib/gcc]
  collapse library dir [/home/wlx/program/espressif/.espressif/tools/xtensa-esp32s2-elf/esp-2022r1-11.2.0/xtensa-esp32s2-elf/bin/../lib/gcc/xtensa-esp32s2-elf/11.2.0/../../../../xtensa-esp32s2-elf/lib] ==> [/home/wlx/program/espressif/.espressif/tools/xtensa-esp32s2-elf/esp-2022r1-11.2.0/xtensa-esp32s2-elf/xtensa-esp32s2-elf/lib]
  implicit libs: [gcc;c;nosys;c;gcc]
  implicit objs: [/home/wlx/program/espressif/.espressif/tools/xtensa-esp32s2-elf/esp-2022r1-11.2.0/xtensa-esp32s2-elf/xtensa-esp32s2-elf/lib/crt0.o;/home/wlx/program/espressif/.espressif/tools/xtensa-esp32s2-elf/esp-2022r1-11.2.0/xtensa-esp32s2-elf/lib/gcc/xtensa-esp32s2-elf/11.2.0/crti.o;/home/wlx/program/espressif/.espressif/tools/xtensa-esp32s2-elf/esp-2022r1-11.2.0/xtensa-esp32s2-elf/lib/gcc/xtensa-esp32s2-elf/11.2.0/crtbegin.o;/home/wlx/program/espressif/.espressif/tools/xtensa-esp32s2-elf/esp-2022r1-11.2.0/xtensa-esp32s2-elf/lib/gcc/xtensa-esp32s2-elf/11.2.0/crtend.o;/home/wlx/program/espressif/.espressif/tools/xtensa-esp32s2-elf/esp-2022r1-11.2.0/xtensa-esp32s2-elf/lib/gcc/xtensa-esp32s2-elf/11.2.0/crtn.o]
  implicit dirs: [/home/wlx/program/espressif/.espressif/tools/xtensa-esp32s2-elf/esp-2022r1-11.2.0/xtensa-esp32s2-elf/lib/gcc/xtensa-esp32s2-elf/11.2.0;/home/wlx/program/espressif/.espressif/tools/xtensa-esp32s2-elf/esp-2022r1-11.2.0/xtensa-esp32s2-elf/lib/gcc;/home/wlx/program/espressif/.espressif/tools/xtensa-esp32s2-elf/esp-2022r1-11.2.0/xtensa-esp32s2-elf/xtensa-esp32s2-elf/lib]
  implicit fwks: []


Detecting CXX compiler ABI info compiled with the following output:
Change Dir: /home/wlx/learn/espidf/04.3.2_LVGL_INDEV/build/bootloader/CMakeFiles/CMakeTmp

Run Build Command(s):/home/wlx/program/espressif/.espressif/tools/ninja/1.10.2/ninja cmTC_85794 && [1/2] Building CXX object CMakeFiles/cmTC_85794.dir/CMakeCXXCompilerABI.cpp.obj
Using built-in specs.
COLLECT_GCC=/home/wlx/program/espressif/.espressif/tools/xtensa-esp32s2-elf/esp-2022r1-11.2.0/xtensa-esp32s2-elf/bin/xtensa-esp32s2-elf-g++
Target: xtensa-esp32s2-elf
Configured with: /builds/idf/crosstool-NG/.build/xtensa-esp32s2-elf/src/gcc/configure --build=x86_64-build_pc-linux-gnu --host=x86_64-build_pc-linux-gnu --target=xtensa-esp32s2-elf --prefix=/builds/idf/crosstool-NG/builds/xtensa-esp32s2-elf --exec_prefix=/builds/idf/crosstool-NG/builds/xtensa-esp32s2-elf --with-local-prefix=/builds/idf/crosstool-NG/builds/xtensa-esp32s2-elf/xtensa-esp32s2-elf --with-headers=/builds/idf/crosstool-NG/builds/xtensa-esp32s2-elf/xtensa-esp32s2-elf/include --with-newlib --enable-threads=no --disable-shared --with-pkgversion='crosstool-NG esp-2022r1' --disable-__cxa_atexit --enable-cxx-flags=-ffunction-sections --disable-libgomp --disable-libmudflap --disable-libmpx --disable-libssp --disable-libquadmath --disable-libquadmath-support --disable-libstdcxx-verbose --with-gmp=/builds/idf/crosstool-NG/.build/xtensa-esp32s2-elf/buildtools --with-mpfr=/builds/idf/crosstool-NG/.build/xtensa-esp32s2-elf/buildtools --with-mpc=/builds/idf/crosstool-NG/.build/xtensa-esp32s2-elf/buildtools --with-isl=/builds/idf/crosstool-NG/.build/xtensa-esp32s2-elf/buildtools --enable-lto --enable-target-optspace --without-long-double-128 --disable-nls --enable-multiarch --enable-languages=c,c++ --disable-libstdcxx-verbose --enable-threads=posix --enable-gcov-custom-rtio --enable-libstdcxx-time=yes
Thread model: posix
Supported LTO compression algorithms: zlib
gcc version 11.2.0 (crosstool-NG esp-2022r1) 
COLLECT_GCC_OPTIONS='-mlongcalls' '-v' '-o' 'CMakeFiles/cmTC_85794.dir/CMakeCXXCompilerABI.cpp.obj' '-c' '-dumpdir' 'CMakeFiles/cmTC_85794.dir/'
 /home/wlx/program/espressif/.espressif/tools/xtensa-esp32s2-elf/esp-2022r1-11.2.0/xtensa-esp32s2-elf/bin/../libexec/gcc/xtensa-esp32s2-elf/11.2.0/cc1plus -quiet -v -iprefix /home/wlx/program/espressif/.espressif/tools/xtensa-esp32s2-elf/esp-2022r1-11.2.0/xtensa-esp32s2-elf/bin/../lib/gcc/xtensa-esp32s2-elf/11.2.0/ /home/wlx/program/espressif/.espressif/tools/cmake/3.24.0/share/cmake-3.24/Modules/CMakeCXXCompilerABI.cpp -quiet -dumpdir CMakeFiles/cmTC_85794.dir/ -dumpbase CMakeCXXCompilerABI.cpp.cpp -dumpbase-ext .cpp -mlongcalls -version -o /tmp/ccmuXFYe.s
GNU C++17 (crosstool-NG esp-2022r1) version 11.2.0 (xtensa-esp32s2-elf)
	compiled by GNU C version 4.9.2, GMP version 6.2.1, MPFR version 4.1.0, MPC version 1.2.1, isl version isl-0.24-GMP

GGC heuristics: --param ggc-min-expand=100 --param ggc-min-heapsize=131072
ignoring duplicate directory "/home/wlx/program/espressif/.espressif/tools/xtensa-esp32s2-elf/esp-2022r1-11.2.0/xtensa-esp32s2-elf/bin/../lib/gcc/../../lib/gcc/xtensa-esp32s2-elf/11.2.0/../../../../xtensa-esp32s2-elf/include/c++/11.2.0"
ignoring duplicate directory "/home/wlx/program/espressif/.espressif/tools/xtensa-esp32s2-elf/esp-2022r1-11.2.0/xtensa-esp32s2-elf/bin/../lib/gcc/../../lib/gcc/xtensa-esp32s2-elf/11.2.0/../../../../xtensa-esp32s2-elf/include/c++/11.2.0/xtensa-esp32s2-elf"
ignoring duplicate directory "/home/wlx/program/espressif/.espressif/tools/xtensa-esp32s2-elf/esp-2022r1-11.2.0/xtensa-esp32s2-elf/bin/../lib/gcc/../../lib/gcc/xtensa-esp32s2-elf/11.2.0/../../../../xtensa-esp32s2-elf/include/c++/11.2.0/backward"
ignoring duplicate directory "/home/wlx/program/espressif/.espressif/tools/xtensa-esp32s2-elf/esp-2022r1-11.2.0/xtensa-esp32s2-elf/bin/../lib/gcc/../../lib/gcc/xtensa-esp32s2-elf/11.2.0/include"
ignoring duplicate directory "/home/wlx/program/espressif/.espressif/tools/xtensa-esp32s2-elf/esp-2022r1-11.2.0/xtensa-esp32s2-elf/bin/../lib/gcc/../../lib/gcc/xtensa-esp32s2-elf/11.2.0/include-fixed"
ignoring duplicate directory "/home/wlx/program/espressif/.espressif/tools/xtensa-esp32s2-elf/esp-2022r1-11.2.0/xtensa-esp32s2-elf/bin/../lib/gcc/../../lib/gcc/xtensa-esp32s2-elf/11.2.0/../../../../xtensa-esp32s2-elf/sys-include"
ignoring duplicate directory "/home/wlx/program/espressif/.espressif/tools/xtensa-esp32s2-elf/esp-2022r1-11.2.0/xtensa-esp32s2-elf/bin/../lib/gcc/../../lib/gcc/xtensa-esp32s2-elf/11.2.0/../../../../xtensa-esp32s2-elf/include"
#include "..." search starts here:
#include <...> search starts here:
 /home/wlx/program/espressif/.espressif/tools/xtensa-esp32s2-elf/esp-2022r1-11.2.0/xtensa-esp32s2-elf/bin/../lib/gcc/xtensa-esp32s2-elf/11.2.0/../../../../xtensa-esp32s2-elf/include/c++/11.2.0
 /home/wlx/program/espressif/.espressif/tools/xtensa-esp32s2-elf/esp-2022r1-11.2.0/xtensa-esp32s2-elf/bin/../lib/gcc/xtensa-esp32s2-elf/11.2.0/../../../../xtensa-esp32s2-elf/include/c++/11.2.0/xtensa-esp32s2-elf
 /home/wlx/program/espressif/.espressif/tools/xtensa-esp32s2-elf/esp-2022r1-11.2.0/xtensa-esp32s2-elf/bin/../lib/gcc/xtensa-esp32s2-elf/11.2.0/../../../../xtensa-esp32s2-elf/include/c++/11.2.0/backward
 /home/wlx/program/espressif/.espressif/tools/xtensa-esp32s2-elf/esp-2022r1-11.2.0/xtensa-esp32s2-elf/bin/../lib/gcc/xtensa-esp32s2-elf/11.2.0/include
 /home/wlx/program/espressif/.espressif/tools/xtensa-esp32s2-elf/esp-2022r1-11.2.0/xtensa-esp32s2-elf/bin/../lib/gcc/xtensa-esp32s2-elf/11.2.0/include-fixed
 /home/wlx/program/espressif/.espressif/tools/xtensa-esp32s2-elf/esp-2022r1-11.2.0/xtensa-esp32s2-elf/bin/../lib/gcc/xtensa-esp32s2-elf/11.2.0/../../../../xtensa-esp32s2-elf/sys-include
 /home/wlx/program/espressif/.espressif/tools/xtensa-esp32s2-elf/esp-2022r1-11.2.0/xtensa-esp32s2-elf/bin/../lib/gcc/xtensa-esp32s2-elf/11.2.0/../../../../xtensa-esp32s2-elf/include
End of search list.
GNU C++17 (crosstool-NG esp-2022r1) version 11.2.0 (xtensa-esp32s2-elf)
	compiled by GNU C version 4.9.2, GMP version 6.2.1, MPFR version 4.1.0, MPC version 1.2.1, isl version isl-0.24-GMP

GGC heuristics: --param ggc-min-expand=100 --param ggc-min-heapsize=131072
Compiler executable checksum: bf9279d81b966aa86bf5525a9d528ff6
COLLECT_GCC_OPTIONS='-mlongcalls' '-v' '-o' 'CMakeFiles/cmTC_85794.dir/CMakeCXXCompilerABI.cpp.obj' '-c' '-dumpdir' 'CMakeFiles/cmTC_85794.dir/'
 /home/wlx/program/espressif/.espressif/tools/xtensa-esp32s2-elf/esp-2022r1-11.2.0/xtensa-esp32s2-elf/bin/../lib/gcc/xtensa-esp32s2-elf/11.2.0/../../../../xtensa-esp32s2-elf/bin/as --traditional-format --longcalls -o CMakeFiles/cmTC_85794.dir/CMakeCXXCompilerABI.cpp.obj /tmp/ccmuXFYe.s
COMPILER_PATH=/home/wlx/program/espressif/.espressif/tools/xtensa-esp32s2-elf/esp-2022r1-11.2.0/xtensa-esp32s2-elf/bin/../libexec/gcc/xtensa-esp32s2-elf/11.2.0/:/home/wlx/program/espressif/.espressif/tools/xtensa-esp32s2-elf/esp-2022r1-11.2.0/xtensa-esp32s2-elf/bin/../libexec/gcc/:/home/wlx/program/espressif/.espressif/tools/xtensa-esp32s2-elf/esp-2022r1-11.2.0/xtensa-esp32s2-elf/bin/../lib/gcc/xtensa-esp32s2-elf/11.2.0/../../../../xtensa-esp32s2-elf/bin/
LIBRARY_PATH=/home/wlx/program/espressif/.espressif/tools/xtensa-esp32s2-elf/esp-2022r1-11.2.0/xtensa-esp32s2-elf/bin/../lib/gcc/xtensa-esp32s2-elf/11.2.0/:/home/wlx/program/espressif/.espressif/tools/xtensa-esp32s2-elf/esp-2022r1-11.2.0/xtensa-esp32s2-elf/bin/../lib/gcc/:/home/wlx/program/espressif/.espressif/tools/xtensa-esp32s2-elf/esp-2022r1-11.2.0/xtensa-esp32s2-elf/bin/../lib/gcc/xtensa-esp32s2-elf/11.2.0/../../../../xtensa-esp32s2-elf/lib/
COLLECT_GCC_OPTIONS='-mlongcalls' '-v' '-o' 'CMakeFiles/cmTC_85794.dir/CMakeCXXCompilerABI.cpp.obj' '-c' '-dumpdir' 'CMakeFiles/cmTC_85794.dir/CMakeCXXCompilerABI.cpp.'
[2/2] Linking CXX executable cmTC_85794
Using built-in specs.
COLLECT_GCC=/home/wlx/program/espressif/.espressif/tools/xtensa-esp32s2-elf/esp-2022r1-11.2.0/xtensa-esp32s2-elf/bin/xtensa-esp32s2-elf-g++
COLLECT_LTO_WRAPPER=/home/wlx/program/espressif/.espressif/tools/xtensa-esp32s2-elf/esp-2022r1-11.2.0/xtensa-esp32s2-elf/bin/../libexec/gcc/xtensa-esp32s2-elf/11.2.0/lto-wrapper
Target: xtensa-esp32s2-elf
Configured with: /builds/idf/crosstool-NG/.build/xtensa-esp32s2-elf/src/gcc/configure --build=x86_64-build_pc-linux-gnu --host=x86_64-build_pc-linux-gnu --target=xtensa-esp32s2-elf --prefix=/builds/idf/crosstool-NG/builds/xtensa-esp32s2-elf --exec_prefix=/builds/idf/crosstool-NG/builds/xtensa-esp32s2-elf --with-local-prefix=/builds/idf/crosstool-NG/builds/xtensa-esp32s2-elf/xtensa-esp32s2-elf --with-headers=/builds/idf/crosstool-NG/builds/xtensa-esp32s2-elf/xtensa-esp32s2-elf/include --with-newlib --enable-threads=no --disable-shared --with-pkgversion='crosstool-NG esp-2022r1' --disable-__cxa_atexit --enable-cxx-flags=-ffunction-sections --disable-libgomp --disable-libmudflap --disable-libmpx --disable-libssp --disable-libquadmath --disable-libquadmath-support --disable-libstdcxx-verbose --with-gmp=/builds/idf/crosstool-NG/.build/xtensa-esp32s2-elf/buildtools --with-mpfr=/builds/idf/crosstool-NG/.build/xtensa-esp32s2-elf/buildtools --with-mpc=/builds/idf/crosstool-NG/.build/xtensa-esp32s2-elf/buildtools --with-isl=/builds/idf/crosstool-NG/.build/xtensa-esp32s2-elf/buildtools --enable-lto --enable-target-optspace --without-long-double-128 --disable-nls --enable-multiarch --enable-languages=c,c++ --disable-libstdcxx-verbose --enable-threads=posix --enable-gcov-custom-rtio --enable-libstdcxx-time=yes
Thread model: posix
Supported LTO compression algorithms: zlib
gcc version 11.2.0 (crosstool-NG esp-2022r1) 
COMPILER_PATH=/home/wlx/program/espressif/.espressif/tools/xtensa-esp32s2-elf/esp-2022r1-11.2.0/xtensa-esp32s2-elf/bin/../libexec/gcc/xtensa-esp32s2-elf/11.2.0/:/home/wlx/program/espressif/.espressif/tools/xtensa-esp32s2-elf/esp-2022r1-11.2.0/xtensa-esp32s2-elf/bin/../libexec/gcc/:/home/wlx/program/espressif/.espressif/tools/xtensa-esp32s2-elf/esp-2022r1-11.2.0/xtensa-esp32s2-elf/bin/../lib/gcc/xtensa-esp32s2-elf/11.2.0/../../../../xtensa-esp32s2-elf/bin/
LIBRARY_PATH=/home/wlx/program/espressif/.espressif/tools/xtensa-esp32s2-elf/esp-2022r1-11.2.0/xtensa-esp32s2-elf/bin/../lib/gcc/xtensa-esp32s2-elf/11.2.0/:/home/wlx/program/espressif/.espressif/tools/xtensa-esp32s2-elf/esp-2022r1-11.2.0/xtensa-esp32s2-elf/bin/../lib/gcc/:/home/wlx/program/espressif/.espressif/tools/xtensa-esp32s2-elf/esp-2022r1-11.2.0/xtensa-esp32s2-elf/bin/../lib/gcc/xtensa-esp32s2-elf/11.2.0/../../../../xtensa-esp32s2-elf/lib/
COLLECT_GCC_OPTIONS='-mlongcalls' '-v' '-o' 'cmTC_85794' '-dumpdir' 'cmTC_85794.'
 /home/wlx/program/espressif/.espressif/tools/xtensa-esp32s2-elf/esp-2022r1-11.2.0/xtensa-esp32s2-elf/bin/../libexec/gcc/xtensa-esp32s2-elf/11.2.0/collect2 -plugin /home/wlx/program/espressif/.espressif/tools/xtensa-esp32s2-elf/esp-2022r1-11.2.0/xtensa-esp32s2-elf/bin/../libexec/gcc/xtensa-esp32s2-elf/11.2.0/liblto_plugin.so -plugin-opt=/home/wlx/program/espressif/.espressif/tools/xtensa-esp32s2-elf/esp-2022r1-11.2.0/xtensa-esp32s2-elf/bin/../libexec/gcc/xtensa-esp32s2-elf/11.2.0/lto-wrapper -plugin-opt=-fresolution=/tmp/ccJIlBUA.res -plugin-opt=-pass-through=-lgcc -plugin-opt=-pass-through=-lc -plugin-opt=-pass-through=-lnosys -plugin-opt=-pass-through=-lc -plugin-opt=-pass-through=-lgcc -o cmTC_85794 /home/wlx/program/espressif/.espressif/tools/xtensa-esp32s2-elf/esp-2022r1-11.2.0/xtensa-esp32s2-elf/bin/../lib/gcc/xtensa-esp32s2-elf/11.2.0/../../../../xtensa-esp32s2-elf/lib/crt0.o /home/wlx/program/espressif/.espressif/tools/xtensa-esp32s2-elf/esp-2022r1-11.2.0/xtensa-esp32s2-elf/bin/../lib/gcc/xtensa-esp32s2-elf/11.2.0/crti.o /home/wlx/program/espressif/.espressif/tools/xtensa-esp32s2-elf/esp-2022r1-11.2.0/xtensa-esp32s2-elf/bin/../lib/gcc/xtensa-esp32s2-elf/11.2.0/crtbegin.o -L/home/wlx/program/espressif/.espressif/tools/xtensa-esp32s2-elf/esp-2022r1-11.2.0/xtensa-esp32s2-elf/bin/../lib/gcc/xtensa-esp32s2-elf/11.2.0 -L/home/wlx/program/espressif/.espressif/tools/xtensa-esp32s2-elf/esp-2022r1-11.2.0/xtensa-esp32s2-elf/bin/../lib/gcc -L/home/wlx/program/espressif/.espressif/tools/xtensa-esp32s2-elf/esp-2022r1-11.2.0/xtensa-esp32s2-elf/bin/../lib/gcc/xtensa-esp32s2-elf/11.2.0/../../../../xtensa-esp32s2-elf/lib CMakeFiles/cmTC_85794.dir/CMakeCXXCompilerABI.cpp.obj -lstdc++ -lm -lgcc -lc -lnosys -lc -lgcc /home/wlx/program/espressif/.espressif/tools/xtensa-esp32s2-elf/esp-2022r1-11.2.0/xtensa-esp32s2-elf/bin/../lib/gcc/xtensa-esp32s2-elf/11.2.0/crtend.o /home/wlx/program/espressif/.espressif/tools/xtensa-esp32s2-elf/esp-2022r1-11.2.0/xtensa-esp32s2-elf/bin/../lib/gcc/xtensa-esp32s2-elf/11.2.0/crtn.o
COLLECT_GCC_OPTIONS='-mlongcalls' '-v' '-o' 'cmTC_85794' '-dumpdir' 'cmTC_85794.'



Parsed CXX implicit include dir info from above output: rv=done
  found start of include info
  found start of implicit include info
    add: [/home/wlx/program/espressif/.espressif/tools/xtensa-esp32s2-elf/esp-2022r1-11.2.0/xtensa-esp32s2-elf/bin/../lib/gcc/xtensa-esp32s2-elf/11.2.0/../../../../xtensa-esp32s2-elf/include/c++/11.2.0]
    add: [/home/wlx/program/espressif/.espressif/tools/xtensa-esp32s2-elf/esp-2022r1-11.2.0/xtensa-esp32s2-elf/bin/../lib/gcc/xtensa-esp32s2-elf/11.2.0/../../../../xtensa-esp32s2-elf/include/c++/11.2.0/xtensa-esp32s2-elf]
    add: [/home/wlx/program/espressif/.espressif/tools/xtensa-esp32s2-elf/esp-2022r1-11.2.0/xtensa-esp32s2-elf/bin/../lib/gcc/xtensa-esp32s2-elf/11.2.0/../../../../xtensa-esp32s2-elf/include/c++/11.2.0/backward]
    add: [/home/wlx/program/espressif/.espressif/tools/xtensa-esp32s2-elf/esp-2022r1-11.2.0/xtensa-esp32s2-elf/bin/../lib/gcc/xtensa-esp32s2-elf/11.2.0/include]
    add: [/home/wlx/program/espressif/.espressif/tools/xtensa-esp32s2-elf/esp-2022r1-11.2.0/xtensa-esp32s2-elf/bin/../lib/gcc/xtensa-esp32s2-elf/11.2.0/include-fixed]
    add: [/home/wlx/program/espressif/.espressif/tools/xtensa-esp32s2-elf/esp-2022r1-11.2.0/xtensa-esp32s2-elf/bin/../lib/gcc/xtensa-esp32s2-elf/11.2.0/../../../../xtensa-esp32s2-elf/sys-include]
    add: [/home/wlx/program/espressif/.espressif/tools/xtensa-esp32s2-elf/esp-2022r1-11.2.0/xtensa-esp32s2-elf/bin/../lib/gcc/xtensa-esp32s2-elf/11.2.0/../../../../xtensa-esp32s2-elf/include]
  end of search list found
  collapse include dir [/home/wlx/program/espressif/.espressif/tools/xtensa-esp32s2-elf/esp-2022r1-11.2.0/xtensa-esp32s2-elf/bin/../lib/gcc/xtensa-esp32s2-elf/11.2.0/../../../../xtensa-esp32s2-elf/include/c++/11.2.0] ==> [/home/wlx/program/espressif/.espressif/tools/xtensa-esp32s2-elf/esp-2022r1-11.2.0/xtensa-esp32s2-elf/xtensa-esp32s2-elf/include/c++/11.2.0]
  collapse include dir [/home/wlx/program/espressif/.espressif/tools/xtensa-esp32s2-elf/esp-2022r1-11.2.0/xtensa-esp32s2-elf/bin/../lib/gcc/xtensa-esp32s2-elf/11.2.0/../../../../xtensa-esp32s2-elf/include/c++/11.2.0/xtensa-esp32s2-elf] ==> [/home/wlx/program/espressif/.espressif/tools/xtensa-esp32s2-elf/esp-2022r1-11.2.0/xtensa-esp32s2-elf/xtensa-esp32s2-elf/include/c++/11.2.0/xtensa-esp32s2-elf]
  collapse include dir [/home/wlx/program/espressif/.espressif/tools/xtensa-esp32s2-elf/esp-2022r1-11.2.0/xtensa-esp32s2-elf/bin/../lib/gcc/xtensa-esp32s2-elf/11.2.0/../../../../xtensa-esp32s2-elf/include/c++/11.2.0/backward] ==> [/home/wlx/program/espressif/.espressif/tools/xtensa-esp32s2-elf/esp-2022r1-11.2.0/xtensa-esp32s2-elf/xtensa-esp32s2-elf/include/c++/11.2.0/backward]
  collapse include dir [/home/wlx/program/espressif/.espressif/tools/xtensa-esp32s2-elf/esp-2022r1-11.2.0/xtensa-esp32s2-elf/bin/../lib/gcc/xtensa-esp32s2-elf/11.2.0/include] ==> [/home/wlx/program/espressif/.espressif/tools/xtensa-esp32s2-elf/esp-2022r1-11.2.0/xtensa-esp32s2-elf/lib/gcc/xtensa-esp32s2-elf/11.2.0/include]
  collapse include dir [/home/wlx/program/espressif/.espressif/tools/xtensa-esp32s2-elf/esp-2022r1-11.2.0/xtensa-esp32s2-elf/bin/../lib/gcc/xtensa-esp32s2-elf/11.2.0/include-fixed] ==> [/home/wlx/program/espressif/.espressif/tools/xtensa-esp32s2-elf/esp-2022r1-11.2.0/xtensa-esp32s2-elf/lib/gcc/xtensa-esp32s2-elf/11.2.0/include-fixed]
  collapse include dir [/home/wlx/program/espressif/.espressif/tools/xtensa-esp32s2-elf/esp-2022r1-11.2.0/xtensa-esp32s2-elf/bin/../lib/gcc/xtensa-esp32s2-elf/11.2.0/../../../../xtensa-esp32s2-elf/sys-include] ==> [/home/wlx/program/espressif/.espressif/tools/xtensa-esp32s2-elf/esp-2022r1-11.2.0/xtensa-esp32s2-elf/xtensa-esp32s2-elf/sys-include]
  collapse include dir [/home/wlx/program/espressif/.espressif/tools/xtensa-esp32s2-elf/esp-2022r1-11.2.0/xtensa-esp32s2-elf/bin/../lib/gcc/xtensa-esp32s2-elf/11.2.0/../../../../xtensa-esp32s2-elf/include] ==> [/home/wlx/program/espressif/.espressif/tools/xtensa-esp32s2-elf/esp-2022r1-11.2.0/xtensa-esp32s2-elf/xtensa-esp32s2-elf/include]
  implicit include dirs: [/home/wlx/program/espressif/.espressif/tools/xtensa-esp32s2-elf/esp-2022r1-11.2.0/xtensa-esp32s2-elf/xtensa-esp32s2-elf/include/c++/11.2.0;/home/wlx/program/espressif/.espressif/tools/xtensa-esp32s2-elf/esp-2022r1-11.2.0/xtensa-esp32s2-elf/xtensa-esp32s2-elf/include/c++/11.2.0/xtensa-esp32s2-elf;/home/wlx/program/espressif/.espressif/tools/xtensa-esp32s2-elf/esp-2022r1-11.2.0/xtensa-esp32s2-elf/xtensa-esp32s2-elf/include/c++/11.2.0/backward;/home/wlx/program/espressif/.espressif/tools/xtensa-esp32s2-elf/esp-2022r1-11.2.0/xtensa-esp32s2-elf/lib/gcc/xtensa-esp32s2-elf/11.2.0/include;/home/wlx/program/espressif/.espressif/tools/xtensa-esp32s2-elf/esp-2022r1-11.2.0/xtensa-esp32s2-elf/lib/gcc/xtensa-esp32s2-elf/11.2.0/include-fixed;/home/wlx/program/espressif/.espressif/tools/xtensa-esp32s2-elf/esp-2022r1-11.2.0/xtensa-esp32s2-elf/xtensa-esp32s2-elf/sys-include;/home/wlx/program/espressif/.espressif/tools/xtensa-esp32s2-elf/esp-2022r1-11.2.0/xtensa-esp32s2-elf/xtensa-esp32s2-elf/include]


Parsed CXX implicit link information from above output:
  link line regex: [^( *|.*[/\])(xtensa-esp32s2-elf-ld|CMAKE_LINK_STARTFILE-NOTFOUND|([^/\]+-)?ld|collect2)[^/\]*( |$)]
  ignore line: [Change Dir: /home/wlx/learn/espidf/04.3.2_LVGL_INDEV/build/bootloader/CMakeFiles/CMakeTmp]
  ignore line: []
  ignore line: [Run Build Command(s):/home/wlx/program/espressif/.espressif/tools/ninja/1.10.2/ninja cmTC_85794 && [1/2] Building CXX object CMakeFiles/cmTC_85794.dir/CMakeCXXCompilerABI.cpp.obj]
  ignore line: [Using built-in specs.]
  ignore line: [COLLECT_GCC=/home/wlx/program/espressif/.espressif/tools/xtensa-esp32s2-elf/esp-2022r1-11.2.0/xtensa-esp32s2-elf/bin/xtensa-esp32s2-elf-g++]
  ignore line: [Target: xtensa-esp32s2-elf]
  ignore line: [Configured with: /builds/idf/crosstool-NG/.build/xtensa-esp32s2-elf/src/gcc/configure --build=x86_64-build_pc-linux-gnu --host=x86_64-build_pc-linux-gnu --target=xtensa-esp32s2-elf --prefix=/builds/idf/crosstool-NG/builds/xtensa-esp32s2-elf --exec_prefix=/builds/idf/crosstool-NG/builds/xtensa-esp32s2-elf --with-local-prefix=/builds/idf/crosstool-NG/builds/xtensa-esp32s2-elf/xtensa-esp32s2-elf --with-headers=/builds/idf/crosstool-NG/builds/xtensa-esp32s2-elf/xtensa-esp32s2-elf/include --with-newlib --enable-threads=no --disable-shared --with-pkgversion='crosstool-NG esp-2022r1' --disable-__cxa_atexit --enable-cxx-flags=-ffunction-sections --disable-libgomp --disable-libmudflap --disable-libmpx --disable-libssp --disable-libquadmath --disable-libquadmath-support --disable-libstdcxx-verbose --with-gmp=/builds/idf/crosstool-NG/.build/xtensa-esp32s2-elf/buildtools --with-mpfr=/builds/idf/crosstool-NG/.build/xtensa-esp32s2-elf/buildtools --with-mpc=/builds/idf/crosstool-NG/.build/xtensa-esp32s2-elf/buildtools --with-isl=/builds/idf/crosstool-NG/.build/xtensa-esp32s2-elf/buildtools --enable-lto --enable-target-optspace --without-long-double-128 --disable-nls --enable-multiarch --enable-languages=c c++ --disable-libstdcxx-verbose --enable-threads=posix --enable-gcov-custom-rtio --enable-libstdcxx-time=yes]
  ignore line: [Thread model: posix]
  ignore line: [Supported LTO compression algorithms: zlib]
  ignore line: [gcc version 11.2.0 (crosstool-NG esp-2022r1) ]
  ignore line: [COLLECT_GCC_OPTIONS='-mlongcalls' '-v' '-o' 'CMakeFiles/cmTC_85794.dir/CMakeCXXCompilerABI.cpp.obj' '-c' '-dumpdir' 'CMakeFiles/cmTC_85794.dir/']
  ignore line: [ /home/wlx/program/espressif/.espressif/tools/xtensa-esp32s2-elf/esp-2022r1-11.2.0/xtensa-esp32s2-elf/bin/../libexec/gcc/xtensa-esp32s2-elf/11.2.0/cc1plus -quiet -v -iprefix /home/wlx/program/espressif/.espressif/tools/xtensa-esp32s2-elf/esp-2022r1-11.2.0/xtensa-esp32s2-elf/bin/../lib/gcc/xtensa-esp32s2-elf/11.2.0/ /home/wlx/program/espressif/.espressif/tools/cmake/3.24.0/share/cmake-3.24/Modules/CMakeCXXCompilerABI.cpp -quiet -dumpdir CMakeFiles/cmTC_85794.dir/ -dumpbase CMakeCXXCompilerABI.cpp.cpp -dumpbase-ext .cpp -mlongcalls -version -o /tmp/ccmuXFYe.s]
  ignore line: [GNU C++17 (crosstool-NG esp-2022r1) version 11.2.0 (xtensa-esp32s2-elf)]
  ignore line: [	compiled by GNU C version 4.9.2  GMP version 6.2.1  MPFR version 4.1.0  MPC version 1.2.1  isl version isl-0.24-GMP]
  ignore line: []
  ignore line: [GGC heuristics: --param ggc-min-expand=100 --param ggc-min-heapsize=131072]
  ignore line: [ignoring duplicate directory "/home/wlx/program/espressif/.espressif/tools/xtensa-esp32s2-elf/esp-2022r1-11.2.0/xtensa-esp32s2-elf/bin/../lib/gcc/../../lib/gcc/xtensa-esp32s2-elf/11.2.0/../../../../xtensa-esp32s2-elf/include/c++/11.2.0"]
  ignore line: [ignoring duplicate directory "/home/wlx/program/espressif/.espressif/tools/xtensa-esp32s2-elf/esp-2022r1-11.2.0/xtensa-esp32s2-elf/bin/../lib/gcc/../../lib/gcc/xtensa-esp32s2-elf/11.2.0/../../../../xtensa-esp32s2-elf/include/c++/11.2.0/xtensa-esp32s2-elf"]
  ignore line: [ignoring duplicate directory "/home/wlx/program/espressif/.espressif/tools/xtensa-esp32s2-elf/esp-2022r1-11.2.0/xtensa-esp32s2-elf/bin/../lib/gcc/../../lib/gcc/xtensa-esp32s2-elf/11.2.0/../../../../xtensa-esp32s2-elf/include/c++/11.2.0/backward"]
  ignore line: [ignoring duplicate directory "/home/wlx/program/espressif/.espressif/tools/xtensa-esp32s2-elf/esp-2022r1-11.2.0/xtensa-esp32s2-elf/bin/../lib/gcc/../../lib/gcc/xtensa-esp32s2-elf/11.2.0/include"]
  ignore line: [ignoring duplicate directory "/home/wlx/program/espressif/.espressif/tools/xtensa-esp32s2-elf/esp-2022r1-11.2.0/xtensa-esp32s2-elf/bin/../lib/gcc/../../lib/gcc/xtensa-esp32s2-elf/11.2.0/include-fixed"]
  ignore line: [ignoring duplicate directory "/home/wlx/program/espressif/.espressif/tools/xtensa-esp32s2-elf/esp-2022r1-11.2.0/xtensa-esp32s2-elf/bin/../lib/gcc/../../lib/gcc/xtensa-esp32s2-elf/11.2.0/../../../../xtensa-esp32s2-elf/sys-include"]
  ignore line: [ignoring duplicate directory "/home/wlx/program/espressif/.espressif/tools/xtensa-esp32s2-elf/esp-2022r1-11.2.0/xtensa-esp32s2-elf/bin/../lib/gcc/../../lib/gcc/xtensa-esp32s2-elf/11.2.0/../../../../xtensa-esp32s2-elf/include"]
  ignore line: [#include "..." search starts here:]
  ignore line: [#include <...> search starts here:]
  ignore line: [ /home/wlx/program/espressif/.espressif/tools/xtensa-esp32s2-elf/esp-2022r1-11.2.0/xtensa-esp32s2-elf/bin/../lib/gcc/xtensa-esp32s2-elf/11.2.0/../../../../xtensa-esp32s2-elf/include/c++/11.2.0]
  ignore line: [ /home/wlx/program/espressif/.espressif/tools/xtensa-esp32s2-elf/esp-2022r1-11.2.0/xtensa-esp32s2-elf/bin/../lib/gcc/xtensa-esp32s2-elf/11.2.0/../../../../xtensa-esp32s2-elf/include/c++/11.2.0/xtensa-esp32s2-elf]
  ignore line: [ /home/wlx/program/espressif/.espressif/tools/xtensa-esp32s2-elf/esp-2022r1-11.2.0/xtensa-esp32s2-elf/bin/../lib/gcc/xtensa-esp32s2-elf/11.2.0/../../../../xtensa-esp32s2-elf/include/c++/11.2.0/backward]
  ignore line: [ /home/wlx/program/espressif/.espressif/tools/xtensa-esp32s2-elf/esp-2022r1-11.2.0/xtensa-esp32s2-elf/bin/../lib/gcc/xtensa-esp32s2-elf/11.2.0/include]
  ignore line: [ /home/wlx/program/espressif/.espressif/tools/xtensa-esp32s2-elf/esp-2022r1-11.2.0/xtensa-esp32s2-elf/bin/../lib/gcc/xtensa-esp32s2-elf/11.2.0/include-fixed]
  ignore line: [ /home/wlx/program/espressif/.espressif/tools/xtensa-esp32s2-elf/esp-2022r1-11.2.0/xtensa-esp32s2-elf/bin/../lib/gcc/xtensa-esp32s2-elf/11.2.0/../../../../xtensa-esp32s2-elf/sys-include]
  ignore line: [ /home/wlx/program/espressif/.espressif/tools/xtensa-esp32s2-elf/esp-2022r1-11.2.0/xtensa-esp32s2-elf/bin/../lib/gcc/xtensa-esp32s2-elf/11.2.0/../../../../xtensa-esp32s2-elf/include]
  ignore line: [End of search list.]
  ignore line: [GNU C++17 (crosstool-NG esp-2022r1) version 11.2.0 (xtensa-esp32s2-elf)]
  ignore line: [	compiled by GNU C version 4.9.2  GMP version 6.2.1  MPFR version 4.1.0  MPC version 1.2.1  isl version isl-0.24-GMP]
  ignore line: []
  ignore line: [GGC heuristics: --param ggc-min-expand=100 --param ggc-min-heapsize=131072]
  ignore line: [Compiler executable checksum: bf9279d81b966aa86bf5525a9d528ff6]
  ignore line: [COLLECT_GCC_OPTIONS='-mlongcalls' '-v' '-o' 'CMakeFiles/cmTC_85794.dir/CMakeCXXCompilerABI.cpp.obj' '-c' '-dumpdir' 'CMakeFiles/cmTC_85794.dir/']
  ignore line: [ /home/wlx/program/espressif/.espressif/tools/xtensa-esp32s2-elf/esp-2022r1-11.2.0/xtensa-esp32s2-elf/bin/../lib/gcc/xtensa-esp32s2-elf/11.2.0/../../../../xtensa-esp32s2-elf/bin/as --traditional-format --longcalls -o CMakeFiles/cmTC_85794.dir/CMakeCXXCompilerABI.cpp.obj /tmp/ccmuXFYe.s]
  ignore line: [COMPILER_PATH=/home/wlx/program/espressif/.espressif/tools/xtensa-esp32s2-elf/esp-2022r1-11.2.0/xtensa-esp32s2-elf/bin/../libexec/gcc/xtensa-esp32s2-elf/11.2.0/:/home/wlx/program/espressif/.espressif/tools/xtensa-esp32s2-elf/esp-2022r1-11.2.0/xtensa-esp32s2-elf/bin/../libexec/gcc/:/home/wlx/program/espressif/.espressif/tools/xtensa-esp32s2-elf/esp-2022r1-11.2.0/xtensa-esp32s2-elf/bin/../lib/gcc/xtensa-esp32s2-elf/11.2.0/../../../../xtensa-esp32s2-elf/bin/]
  ignore line: [LIBRARY_PATH=/home/wlx/program/espressif/.espressif/tools/xtensa-esp32s2-elf/esp-2022r1-11.2.0/xtensa-esp32s2-elf/bin/../lib/gcc/xtensa-esp32s2-elf/11.2.0/:/home/wlx/program/espressif/.espressif/tools/xtensa-esp32s2-elf/esp-2022r1-11.2.0/xtensa-esp32s2-elf/bin/../lib/gcc/:/home/wlx/program/espressif/.espressif/tools/xtensa-esp32s2-elf/esp-2022r1-11.2.0/xtensa-esp32s2-elf/bin/../lib/gcc/xtensa-esp32s2-elf/11.2.0/../../../../xtensa-esp32s2-elf/lib/]
  ignore line: [COLLECT_GCC_OPTIONS='-mlongcalls' '-v' '-o' 'CMakeFiles/cmTC_85794.dir/CMakeCXXCompilerABI.cpp.obj' '-c' '-dumpdir' 'CMakeFiles/cmTC_85794.dir/CMakeCXXCompilerABI.cpp.']
  ignore line: [[2/2] Linking CXX executable cmTC_85794]
  ignore line: [Using built-in specs.]
  ignore line: [COLLECT_GCC=/home/wlx/program/espressif/.espressif/tools/xtensa-esp32s2-elf/esp-2022r1-11.2.0/xtensa-esp32s2-elf/bin/xtensa-esp32s2-elf-g++]
  ignore line: [COLLECT_LTO_WRAPPER=/home/wlx/program/espressif/.espressif/tools/xtensa-esp32s2-elf/esp-2022r1-11.2.0/xtensa-esp32s2-elf/bin/../libexec/gcc/xtensa-esp32s2-elf/11.2.0/lto-wrapper]
  ignore line: [Target: xtensa-esp32s2-elf]
  ignore line: [Configured with: /builds/idf/crosstool-NG/.build/xtensa-esp32s2-elf/src/gcc/configure --build=x86_64-build_pc-linux-gnu --host=x86_64-build_pc-linux-gnu --target=xtensa-esp32s2-elf --prefix=/builds/idf/crosstool-NG/builds/xtensa-esp32s2-elf --exec_prefix=/builds/idf/crosstool-NG/builds/xtensa-esp32s2-elf --with-local-prefix=/builds/idf/crosstool-NG/builds/xtensa-esp32s2-elf/xtensa-esp32s2-elf --with-headers=/builds/idf/crosstool-NG/builds/xtensa-esp32s2-elf/xtensa-esp32s2-elf/include --with-newlib --enable-threads=no --disable-shared --with-pkgversion='crosstool-NG esp-2022r1' --disable-__cxa_atexit --enable-cxx-flags=-ffunction-sections --disable-libgomp --disable-libmudflap --disable-libmpx --disable-libssp --disable-libquadmath --disable-libquadmath-support --disable-libstdcxx-verbose --with-gmp=/builds/idf/crosstool-NG/.build/xtensa-esp32s2-elf/buildtools --with-mpfr=/builds/idf/crosstool-NG/.build/xtensa-esp32s2-elf/buildtools --with-mpc=/builds/idf/crosstool-NG/.build/xtensa-esp32s2-elf/buildtools --with-isl=/builds/idf/crosstool-NG/.build/xtensa-esp32s2-elf/buildtools --enable-lto --enable-target-optspace --without-long-double-128 --disable-nls --enable-multiarch --enable-languages=c c++ --disable-libstdcxx-verbose --enable-threads=posix --enable-gcov-custom-rtio --enable-libstdcxx-time=yes]
  ignore line: [Thread model: posix]
  ignore line: [Supported LTO compression algorithms: zlib]
  ignore line: [gcc version 11.2.0 (crosstool-NG esp-2022r1) ]
  ignore line: [COMPILER_PATH=/home/wlx/program/espressif/.espressif/tools/xtensa-esp32s2-elf/esp-2022r1-11.2.0/xtensa-esp32s2-elf/bin/../libexec/gcc/xtensa-esp32s2-elf/11.2.0/:/home/wlx/program/espressif/.espressif/tools/xtensa-esp32s2-elf/esp-2022r1-11.2.0/xtensa-esp32s2-elf/bin/../libexec/gcc/:/home/wlx/program/espressif/.espressif/tools/xtensa-esp32s2-elf/esp-2022r1-11.2.0/xtensa-esp32s2-elf/bin/../lib/gcc/xtensa-esp32s2-elf/11.2.0/../../../../xtensa-esp32s2-elf/bin/]
  ignore line: [LIBRARY_PATH=/home/wlx/program/espressif/.espressif/tools/xtensa-esp32s2-elf/esp-2022r1-11.2.0/xtensa-esp32s2-elf/bin/../lib/gcc/xtensa-esp32s2-elf/11.2.0/:/home/wlx/program/espressif/.espressif/tools/xtensa-esp32s2-elf/esp-2022r1-11.2.0/xtensa-esp32s2-elf/bin/../lib/gcc/:/home/wlx/program/espressif/.espressif/tools/xtensa-esp32s2-elf/esp-2022r1-11.2.0/xtensa-esp32s2-elf/bin/../lib/gcc/xtensa-esp32s2-elf/11.2.0/../../../../xtensa-esp32s2-elf/lib/]
  ignore line: [COLLECT_GCC_OPTIONS='-mlongcalls' '-v' '-o' 'cmTC_85794' '-dumpdir' 'cmTC_85794.']
  link line: [ /home/wlx/program/espressif/.espressif/tools/xtensa-esp32s2-elf/esp-2022r1-11.2.0/xtensa-esp32s2-elf/bin/../libexec/gcc/xtensa-esp32s2-elf/11.2.0/collect2 -plugin /home/wlx/program/espressif/.espressif/tools/xtensa-esp32s2-elf/esp-2022r1-11.2.0/xtensa-esp32s2-elf/bin/../libexec/gcc/xtensa-esp32s2-elf/11.2.0/liblto_plugin.so -plugin-opt=/home/wlx/program/espressif/.espressif/tools/xtensa-esp32s2-elf/esp-2022r1-11.2.0/xtensa-esp32s2-elf/bin/../libexec/gcc/xtensa-esp32s2-elf/11.2.0/lto-wrapper -plugin-opt=-fresolution=/tmp/ccJIlBUA.res -plugin-opt=-pass-through=-lgcc -plugin-opt=-pass-through=-lc -plugin-opt=-pass-through=-lnosys -plugin-opt=-pass-through=-lc -plugin-opt=-pass-through=-lgcc -o cmTC_85794 /home/wlx/program/espressif/.espressif/tools/xtensa-esp32s2-elf/esp-2022r1-11.2.0/xtensa-esp32s2-elf/bin/../lib/gcc/xtensa-esp32s2-elf/11.2.0/../../../../xtensa-esp32s2-elf/lib/crt0.o /home/wlx/program/espressif/.espressif/tools/xtensa-esp32s2-elf/esp-2022r1-11.2.0/xtensa-esp32s2-elf/bin/../lib/gcc/xtensa-esp32s2-elf/11.2.0/crti.o /home/wlx/program/espressif/.espressif/tools/xtensa-esp32s2-elf/esp-2022r1-11.2.0/xtensa-esp32s2-elf/bin/../lib/gcc/xtensa-esp32s2-elf/11.2.0/crtbegin.o -L/home/wlx/program/espressif/.espressif/tools/xtensa-esp32s2-elf/esp-2022r1-11.2.0/xtensa-esp32s2-elf/bin/../lib/gcc/xtensa-esp32s2-elf/11.2.0 -L/home/wlx/program/espressif/.espressif/tools/xtensa-esp32s2-elf/esp-2022r1-11.2.0/xtensa-esp32s2-elf/bin/../lib/gcc -L/home/wlx/program/espressif/.espressif/tools/xtensa-esp32s2-elf/esp-2022r1-11.2.0/xtensa-esp32s2-elf/bin/../lib/gcc/xtensa-esp32s2-elf/11.2.0/../../../../xtensa-esp32s2-elf/lib CMakeFiles/cmTC_85794.dir/CMakeCXXCompilerABI.cpp.obj -lstdc++ -lm -lgcc -lc -lnosys -lc -lgcc /home/wlx/program/espressif/.espressif/tools/xtensa-esp32s2-elf/esp-2022r1-11.2.0/xtensa-esp32s2-elf/bin/../lib/gcc/xtensa-esp32s2-elf/11.2.0/crtend.o /home/wlx/program/espressif/.espressif/tools/xtensa-esp32s2-elf/esp-2022r1-11.2.0/xtensa-esp32s2-elf/bin/../lib/gcc/xtensa-esp32s2-elf/11.2.0/crtn.o]
    arg [/home/wlx/program/espressif/.espressif/tools/xtensa-esp32s2-elf/esp-2022r1-11.2.0/xtensa-esp32s2-elf/bin/../libexec/gcc/xtensa-esp32s2-elf/11.2.0/collect2] ==> ignore
    arg [-plugin] ==> ignore
    arg [/home/wlx/program/espressif/.espressif/tools/xtensa-esp32s2-elf/esp-2022r1-11.2.0/xtensa-esp32s2-elf/bin/../libexec/gcc/xtensa-esp32s2-elf/11.2.0/liblto_plugin.so] ==> ignore
    arg [-plugin-opt=/home/wlx/program/espressif/.espressif/tools/xtensa-esp32s2-elf/esp-2022r1-11.2.0/xtensa-esp32s2-elf/bin/../libexec/gcc/xtensa-esp32s2-elf/11.2.0/lto-wrapper] ==> ignore
    arg [-plugin-opt=-fresolution=/tmp/ccJIlBUA.res] ==> ignore
    arg [-plugin-opt=-pass-through=-lgcc] ==> ignore
    arg [-plugin-opt=-pass-through=-lc] ==> ignore
    arg [-plugin-opt=-pass-through=-lnosys] ==> ignore
    arg [-plugin-opt=-pass-through=-lc] ==> ignore
    arg [-plugin-opt=-pass-through=-lgcc] ==> ignore
    arg [-o] ==> ignore
    arg [cmTC_85794] ==> ignore
    arg [/home/wlx/program/espressif/.espressif/tools/xtensa-esp32s2-elf/esp-2022r1-11.2.0/xtensa-esp32s2-elf/bin/../lib/gcc/xtensa-esp32s2-elf/11.2.0/../../../../xtensa-esp32s2-elf/lib/crt0.o] ==> obj [/home/wlx/program/espressif/.espressif/tools/xtensa-esp32s2-elf/esp-2022r1-11.2.0/xtensa-esp32s2-elf/bin/../lib/gcc/xtensa-esp32s2-elf/11.2.0/../../../../xtensa-esp32s2-elf/lib/crt0.o]
    arg [/home/wlx/program/espressif/.espressif/tools/xtensa-esp32s2-elf/esp-2022r1-11.2.0/xtensa-esp32s2-elf/bin/../lib/gcc/xtensa-esp32s2-elf/11.2.0/crti.o] ==> obj [/home/wlx/program/espressif/.espressif/tools/xtensa-esp32s2-elf/esp-2022r1-11.2.0/xtensa-esp32s2-elf/bin/../lib/gcc/xtensa-esp32s2-elf/11.2.0/crti.o]
    arg [/home/wlx/program/espressif/.espressif/tools/xtensa-esp32s2-elf/esp-2022r1-11.2.0/xtensa-esp32s2-elf/bin/../lib/gcc/xtensa-esp32s2-elf/11.2.0/crtbegin.o] ==> obj [/home/wlx/program/espressif/.espressif/tools/xtensa-esp32s2-elf/esp-2022r1-11.2.0/xtensa-esp32s2-elf/bin/../lib/gcc/xtensa-esp32s2-elf/11.2.0/crtbegin.o]
    arg [-L/home/wlx/program/espressif/.espressif/tools/xtensa-esp32s2-elf/esp-2022r1-11.2.0/xtensa-esp32s2-elf/bin/../lib/gcc/xtensa-esp32s2-elf/11.2.0] ==> dir [/home/wlx/program/espressif/.espressif/tools/xtensa-esp32s2-elf/esp-2022r1-11.2.0/xtensa-esp32s2-elf/bin/../lib/gcc/xtensa-esp32s2-elf/11.2.0]
    arg [-L/home/wlx/program/espressif/.espressif/tools/xtensa-esp32s2-elf/esp-2022r1-11.2.0/xtensa-esp32s2-elf/bin/../lib/gcc] ==> dir [/home/wlx/program/espressif/.espressif/tools/xtensa-esp32s2-elf/esp-2022r1-11.2.0/xtensa-esp32s2-elf/bin/../lib/gcc]
    arg [-L/home/wlx/program/espressif/.espressif/tools/xtensa-esp32s2-elf/esp-2022r1-11.2.0/xtensa-esp32s2-elf/bin/../lib/gcc/xtensa-esp32s2-elf/11.2.0/../../../../xtensa-esp32s2-elf/lib] ==> dir [/home/wlx/program/espressif/.espressif/tools/xtensa-esp32s2-elf/esp-2022r1-11.2.0/xtensa-esp32s2-elf/bin/../lib/gcc/xtensa-esp32s2-elf/11.2.0/../../../../xtensa-esp32s2-elf/lib]
    arg [CMakeFiles/cmTC_85794.dir/CMakeCXXCompilerABI.cpp.obj] ==> ignore
    arg [-lstdc++] ==> lib [stdc++]
    arg [-lm] ==> lib [m]
    arg [-lgcc] ==> lib [gcc]
    arg [-lc] ==> lib [c]
    arg [-lnosys] ==> lib [nosys]
    arg [-lc] ==> lib [c]
    arg [-lgcc] ==> lib [gcc]
    arg [/home/wlx/program/espressif/.espressif/tools/xtensa-esp32s2-elf/esp-2022r1-11.2.0/xtensa-esp32s2-elf/bin/../lib/gcc/xtensa-esp32s2-elf/11.2.0/crtend.o] ==> obj [/home/wlx/program/espressif/.espressif/tools/xtensa-esp32s2-elf/esp-2022r1-11.2.0/xtensa-esp32s2-elf/bin/../lib/gcc/xtensa-esp32s2-elf/11.2.0/crtend.o]
    arg [/home/wlx/program/espressif/.espressif/tools/xtensa-esp32s2-elf/esp-2022r1-11.2.0/xtensa-esp32s2-elf/bin/../lib/gcc/xtensa-esp32s2-elf/11.2.0/crtn.o] ==> obj [/home/wlx/program/espressif/.espressif/tools/xtensa-esp32s2-elf/esp-2022r1-11.2.0/xtensa-esp32s2-elf/bin/../lib/gcc/xtensa-esp32s2-elf/11.2.0/crtn.o]
  collapse obj [/home/wlx/program/espressif/.espressif/tools/xtensa-esp32s2-elf/esp-2022r1-11.2.0/xtensa-esp32s2-elf/bin/../lib/gcc/xtensa-esp32s2-elf/11.2.0/../../../../xtensa-esp32s2-elf/lib/crt0.o] ==> [/home/wlx/program/espressif/.espressif/tools/xtensa-esp32s2-elf/esp-2022r1-11.2.0/xtensa-esp32s2-elf/xtensa-esp32s2-elf/lib/crt0.o]
  collapse obj [/home/wlx/program/espressif/.espressif/tools/xtensa-esp32s2-elf/esp-2022r1-11.2.0/xtensa-esp32s2-elf/bin/../lib/gcc/xtensa-esp32s2-elf/11.2.0/crti.o] ==> [/home/wlx/program/espressif/.espressif/tools/xtensa-esp32s2-elf/esp-2022r1-11.2.0/xtensa-esp32s2-elf/lib/gcc/xtensa-esp32s2-elf/11.2.0/crti.o]
  collapse obj [/home/wlx/program/espressif/.espressif/tools/xtensa-esp32s2-elf/esp-2022r1-11.2.0/xtensa-esp32s2-elf/bin/../lib/gcc/xtensa-esp32s2-elf/11.2.0/crtbegin.o] ==> [/home/wlx/program/espressif/.espressif/tools/xtensa-esp32s2-elf/esp-2022r1-11.2.0/xtensa-esp32s2-elf/lib/gcc/xtensa-esp32s2-elf/11.2.0/crtbegin.o]
  collapse obj [/home/wlx/program/espressif/.espressif/tools/xtensa-esp32s2-elf/esp-2022r1-11.2.0/xtensa-esp32s2-elf/bin/../lib/gcc/xtensa-esp32s2-elf/11.2.0/crtend.o] ==> [/home/wlx/program/espressif/.espressif/tools/xtensa-esp32s2-elf/esp-2022r1-11.2.0/xtensa-esp32s2-elf/lib/gcc/xtensa-esp32s2-elf/11.2.0/crtend.o]
  collapse obj [/home/wlx/program/espressif/.espressif/tools/xtensa-esp32s2-elf/esp-2022r1-11.2.0/xtensa-esp32s2-elf/bin/../lib/gcc/xtensa-esp32s2-elf/11.2.0/crtn.o] ==> [/home/wlx/program/espressif/.espressif/tools/xtensa-esp32s2-elf/esp-2022r1-11.2.0/xtensa-esp32s2-elf/lib/gcc/xtensa-esp32s2-elf/11.2.0/crtn.o]
  collapse library dir [/home/wlx/program/espressif/.espressif/tools/xtensa-esp32s2-elf/esp-2022r1-11.2.0/xtensa-esp32s2-elf/bin/../lib/gcc/xtensa-esp32s2-elf/11.2.0] ==> [/home/wlx/program/espressif/.espressif/tools/xtensa-esp32s2-elf/esp-2022r1-11.2.0/xtensa-esp32s2-elf/lib/gcc/xtensa-esp32s2-elf/11.2.0]
  collapse library dir [/home/wlx/program/espressif/.espressif/tools/xtensa-esp32s2-elf/esp-2022r1-11.2.0/xtensa-esp32s2-elf/bin/../lib/gcc] ==> [/home/wlx/program/espressif/.espressif/tools/xtensa-esp32s2-elf/esp-2022r1-11.2.0/xtensa-esp32s2-elf/lib/gcc]
  collapse library dir [/home/wlx/program/espressif/.espressif/tools/xtensa-esp32s2-elf/esp-2022r1-11.2.0/xtensa-esp32s2-elf/bin/../lib/gcc/xtensa-esp32s2-elf/11.2.0/../../../../xtensa-esp32s2-elf/lib] ==> [/home/wlx/program/espressif/.espressif/tools/xtensa-esp32s2-elf/esp-2022r1-11.2.0/xtensa-esp32s2-elf/xtensa-esp32s2-elf/lib]
  implicit libs: [stdc++;m;gcc;c;nosys;c;gcc]
  implicit objs: [/home/wlx/program/espressif/.espressif/tools/xtensa-esp32s2-elf/esp-2022r1-11.2.0/xtensa-esp32s2-elf/xtensa-esp32s2-elf/lib/crt0.o;/home/wlx/program/espressif/.espressif/tools/xtensa-esp32s2-elf/esp-2022r1-11.2.0/xtensa-esp32s2-elf/lib/gcc/xtensa-esp32s2-elf/11.2.0/crti.o;/home/wlx/program/espressif/.espressif/tools/xtensa-esp32s2-elf/esp-2022r1-11.2.0/xtensa-esp32s2-elf/lib/gcc/xtensa-esp32s2-elf/11.2.0/crtbegin.o;/home/wlx/program/espressif/.espressif/tools/xtensa-esp32s2-elf/esp-2022r1-11.2.0/xtensa-esp32s2-elf/lib/gcc/xtensa-esp32s2-elf/11.2.0/crtend.o;/home/wlx/program/espressif/.espressif/tools/xtensa-esp32s2-elf/esp-2022r1-11.2.0/xtensa-esp32s2-elf/lib/gcc/xtensa-esp32s2-elf/11.2.0/crtn.o]
  implicit dirs: [/home/wlx/program/espressif/.espressif/tools/xtensa-esp32s2-elf/esp-2022r1-11.2.0/xtensa-esp32s2-elf/lib/gcc/xtensa-esp32s2-elf/11.2.0;/home/wlx/program/espressif/.espressif/tools/xtensa-esp32s2-elf/esp-2022r1-11.2.0/xtensa-esp32s2-elf/lib/gcc;/home/wlx/program/espressif/.espressif/tools/xtensa-esp32s2-elf/esp-2022r1-11.2.0/xtensa-esp32s2-elf/xtensa-esp32s2-elf/lib]
  implicit fwks: []


Determining if the include file sys/types.h exists passed with the following output:
Change Dir: /home/wlx/learn/espidf/04.3.2_LVGL_INDEV/build/bootloader/CMakeFiles/CMakeTmp

Run Build Command(s):/home/wlx/program/espressif/.espressif/tools/ninja/1.10.2/ninja cmTC_eb01f && [1/2] Building C object CMakeFiles/cmTC_eb01f.dir/CheckIncludeFile.c.obj
[2/2] Linking C executable cmTC_eb01f



Determining if the include file stdint.h exists passed with the following output:
Change Dir: /home/wlx/learn/espidf/04.3.2_LVGL_INDEV/build/bootloader/CMakeFiles/CMakeTmp

Run Build Command(s):/home/wlx/program/espressif/.espressif/tools/ninja/1.10.2/ninja cmTC_6a791 && [1/2] Building C object CMakeFiles/cmTC_6a791.dir/CheckIncludeFile.c.obj
[2/2] Linking C executable cmTC_6a791



Determining if the include file stddef.h exists passed with the following output:
Change Dir: /home/wlx/learn/espidf/04.3.2_LVGL_INDEV/build/bootloader/CMakeFiles/CMakeTmp

Run Build Command(s):/home/wlx/program/espressif/.espressif/tools/ninja/1.10.2/ninja cmTC_393ec && [1/2] Building C object CMakeFiles/cmTC_393ec.dir/CheckIncludeFile.c.obj
[2/2] Linking C executable cmTC_393ec



Determining size of time_t passed with the following output:
Change Dir: /home/wlx/learn/espidf/04.3.2_LVGL_INDEV/build/bootloader/CMakeFiles/CMakeTmp

Run Build Command(s):/home/wlx/program/espressif/.espressif/tools/ninja/1.10.2/ninja cmTC_3f502 && [1/2] Building C object CMakeFiles/cmTC_3f502.dir/TIME_T_SIZE.c.obj
[2/2] Linking C executable cmTC_3f502



